<?xml version="1.0" encoding="utf-8"?>
<TestRun id="32ebc36a-3404-4bc2-b867-050ac3eb646e" name="@Mistials-New-MBP 2025-07-02 19:31:16" xmlns="http://microsoft.com/schemas/VisualStudio/TeamTest/2010">
  <Times creation="2025-07-02T19:31:16.3464000-04:00" queuing="2025-07-02T19:31:16.3464000-04:00" start="2025-07-02T19:31:13.9011420-04:00" finish="2025-07-02T19:31:16.7328570-04:00" />
  <TestSettings name="default" id="aaed22b1-6511-44ac-9daf-937577ec8071">
    <Deployment runDeploymentRoot="_Mistials-New-MBP_2025-07-02_19_31_16" />
  </TestSettings>
  <Results>
    <UnitTestResult executionId="991a00f7-5561-494f-b182-b477b4261e9f" testId="1aafe519-fad6-ece4-ef73-6eacd3b29bd3" testName="Derive3DesKey_ValidInputs24ByteKey2ByteCounter_ReturnsExpectedResult" computerName="Mistials-New-MBP" duration="00:00:00.0000699" startTime="2025-07-02T19:31:16.4955580-04:00" endTime="2025-07-02T19:31:16.4956280-04:00" testType="13cdc9d9-ddb5-4fa4-a97d-d965ccfc6d4b" outcome="Passed" testListId="8c84fa94-04c1-424b-9868-57a2d4851a1d" relativeResultsDirectory="991a00f7-5561-494f-b182-b477b4261e9f" />
    <UnitTestResult executionId="b5c6b47e-d029-46de-8ea4-7a5da447eba4" testId="2e0d8072-efbe-8846-c953-17350084a3b0" testName="Gp4Net.Tests.Core.Tlv.TlvParserTests.TagToNumber_ConvertsCorrectly" computerName="Mistials-New-MBP" duration="00:00:00.0014289" startTime="2025-07-02T19:31:16.3405820-04:00" endTime="2025-07-02T19:31:16.3405820-04:00" testType="13cdc9d9-ddb5-4fa4-a97d-d965ccfc6d4b" outcome="Passed" testListId="8c84fa94-04c1-424b-9868-57a2d4851a1d" relativeResultsDirectory="b5c6b47e-d029-46de-8ea4-7a5da447eba4" />
    <UnitTestResult executionId="9c64014a-2762-4267-b2b2-8b4fc11144e1" testId="b8d08f82-7aa2-4ce1-ac0d-0f0cbe5e2ba2" testName="Constructor_MakesDefensiveCopies" computerName="Mistials-New-MBP" duration="00:00:00.0002480" startTime="2025-07-02T19:31:16.5139300-04:00" endTime="2025-07-02T19:31:16.5141780-04:00" testType="13cdc9d9-ddb5-4fa4-a97d-d965ccfc6d4b" outcome="Passed" testListId="8c84fa94-04c1-424b-9868-57a2d4851a1d" relativeResultsDirectory="9c64014a-2762-4267-b2b2-8b4fc11144e1" />
    <UnitTestResult executionId="148f0f98-49a0-4155-b7bb-b852f0e72e8f" testId="9cccbacf-1338-95e4-e24b-2198623465b0" testName="GetErrorDescription_UnknownErrorCode_ReturnsUnknownMessage" computerName="Mistials-New-MBP" duration="00:00:00.0000390" startTime="2025-07-02T19:31:16.5114150-04:00" endTime="2025-07-02T19:31:16.5114530-04:00" testType="13cdc9d9-ddb5-4fa4-a97d-d965ccfc6d4b" outcome="Passed" testListId="8c84fa94-04c1-424b-9868-57a2d4851a1d" relativeResultsDirectory="148f0f98-49a0-4155-b7bb-b852f0e72e8f" />
    <UnitTestResult executionId="a0c573aa-87c0-497d-af48-6280a0f3789a" testId="17bc3b9f-be3e-d689-2eed-5169aefe27cc" testName="ToApdu_ContinuationBlock_DoesNotIncludeTlvHeader" computerName="Mistials-New-MBP" duration="00:00:00.0002150" startTime="2025-07-02T19:31:16.5119570-04:00" endTime="2025-07-02T19:31:16.5121720-04:00" testType="13cdc9d9-ddb5-4fa4-a97d-d965ccfc6d4b" outcome="Passed" testListId="8c84fa94-04c1-424b-9868-57a2d4851a1d" relativeResultsDirectory="a0c573aa-87c0-497d-af48-6280a0f3789a" />
    <UnitTestResult executionId="8e43a7ff-fc00-4538-aad2-c9d0a3b6b53d" testId="7678f5e7-b5aa-7216-f901-ac19371a0b37" testName="Gp4Net.Tests.Domain.Commands.SelectCommandAutoDetectionTests.SelectResponse_HandlesNonFciResponse" computerName="Mistials-New-MBP" duration="00:00:00.0000525" startTime="2025-07-02T19:31:16.3439810-04:00" endTime="2025-07-02T19:31:16.3439810-04:00" testType="13cdc9d9-ddb5-4fa4-a97d-d965ccfc6d4b" outcome="Passed" testListId="8c84fa94-04c1-424b-9868-57a2d4851a1d" relativeResultsDirectory="8e43a7ff-fc00-4538-aad2-c9d0a3b6b53d" />
    <UnitTestResult executionId="3aceae3b-4ace-4cd2-abb0-a9adba21f4b9" testId="e1037a43-c453-950f-ce6d-c7b8fc6065cb" testName="Gp4Net.Tests.Integration.ScpConversionIntegrationTests.FullScpConversion_FromScp02ToScp03_Succeeds" computerName="Mistials-New-MBP" duration="00:00:00.0248036" startTime="2025-07-02T19:31:16.3426500-04:00" endTime="2025-07-02T19:31:16.3426500-04:00" testType="13cdc9d9-ddb5-4fa4-a97d-d965ccfc6d4b" outcome="Passed" testListId="8c84fa94-04c1-424b-9868-57a2d4851a1d" relativeResultsDirectory="3aceae3b-4ace-4cd2-abb0-a9adba21f4b9" />
    <UnitTestResult executionId="937d6eda-2c4b-4566-90f9-b9f359c2e6c3" testId="808fc814-6034-18d3-cdbc-ecefa133cc19" testName="GetReaders_ExceptionThrown_ReturnsEmptyList" computerName="Mistials-New-MBP" duration="00:00:00.0003730" startTime="2025-07-02T19:31:16.6894140-04:00" endTime="2025-07-02T19:31:16.6897870-04:00" testType="13cdc9d9-ddb5-4fa4-a97d-d965ccfc6d4b" outcome="Passed" testListId="8c84fa94-04c1-424b-9868-57a2d4851a1d" relativeResultsDirectory="937d6eda-2c4b-4566-90f9-b9f359c2e6c3" />
    <UnitTestResult executionId="457b09dd-f470-4f6c-9148-b76f4b3aa80d" testId="fb4e607f-15ab-e018-aa71-8d800685feb1" testName="ExecuteAsync_WithApplications_DisplaysSummary" computerName="Mistials-New-MBP" duration="00:00:00.0041030" startTime="2025-07-02T19:31:16.6168670-04:00" endTime="2025-07-02T19:31:16.6209700-04:00" testType="13cdc9d9-ddb5-4fa4-a97d-d965ccfc6d4b" outcome="Failed" testListId="8c84fa94-04c1-424b-9868-57a2d4851a1d" relativeResultsDirectory="457b09dd-f470-4f6c-9148-b76f4b3aa80d">
      <Output>
        <StdOut>\u001b[38;5;2m┌─\u001b[0m\u001b[1;38;5;2mCard Information\u001b[0m\u001b[38;5;2m───────────────────────────────────┐\u001b[0m
\u001b[38;5;2m│\u001b[0m ┌──────────────────────┬─────────────────────────┐ \u001b[38;5;2m│\u001b[0m
\u001b[38;5;2m│\u001b[0m │ Property             │ Value                   │ \u001b[38;5;2m│\u001b[0m
\u001b[38;5;2m│\u001b[0m ├──────────────────────┼─────────────────────────┤ \u001b[38;5;2m│\u001b[0m
\u001b[38;5;2m│\u001b[0m │ ATR                  │ \u001b[2m3B00\u001b[0m                    │ \u001b[38;5;2m│\u001b[0m
\u001b[38;5;2m│\u001b[0m │ Connection Status    │ \u001b[38;5;2m✓ Connected\u001b[0m             │ \u001b[38;5;2m│\u001b[0m
\u001b[38;5;2m│\u001b[0m │ Secure Channel       │ \u001b[38;5;11m✗ Not established\u001b[0m       │ \u001b[38;5;2m│\u001b[0m
\u001b[38;5;2m│\u001b[0m │ ISD Status           │ \u001b[38;5;2m✓ Available\u001b[0m             │ \u001b[38;5;2m│\u001b[0m
\u001b[38;5;2m│\u001b[0m │ Card Data            │ \u001b[2mNot supported\u001b[0m           │ \u001b[38;5;2m│\u001b[0m
\u001b[38;5;2m│\u001b[0m │ Card Capabilities    │ \u001b[2mNot supported\u001b[0m           │ \u001b[38;5;2m│\u001b[0m
\u001b[38;5;2m│\u001b[0m │ Key Info Template    │ \u001b[2mNot supported\u001b[0m           │ \u001b[38;5;2m│\u001b[0m
\u001b[38;5;2m│\u001b[0m │ Diversification Data │ \u001b[2mNot supported\u001b[0m           │ \u001b[38;5;2m│\u001b[0m
\u001b[38;5;2m│\u001b[0m │ Applications         │ \u001b[38;5;11mRequires secure channel\u001b[0m │ \u001b[38;5;2m│\u001b[0m
\u001b[38;5;2m│\u001b[0m └──────────────────────┴─────────────────────────┘ \u001b[38;5;2m│\u001b[0m
\u001b[38;5;2m└────────────────────────────────────────────────────┘\u001b[0m

\u001b[38;5;11m\ud83d\udca1 Tip: More information is available with a secure channel.\u001b[0m
\u001b[2mTry: gp4net card info --keyset &lt;KEYSET_NAME&gt;\u001b[0m</StdOut>
        <ErrorInfo>
          <Message>Moq.MockException : 
Expected invocation on the mock once, but was 0 times: s =&gt; s.GetApplications()

Performed invocations:

   Mock&lt;IGlobalPlatformService:16&gt; (s):

      IGlobalPlatformService.SelectIsd()
      IGlobalPlatformService.GetCplc()
      IGlobalPlatformService.GetData(102)
      IGlobalPlatformService.GetData(103)
      IGlobalPlatformService.GetData(224)
      IGlobalPlatformService.GetData(207)
</Message>
          <StackTrace>   at Moq.Mock.Verify(Mock mock, LambdaExpression expression, Times times, String failMessage) in /_/src/Moq/Mock.cs:line 332
   at Moq.Mock`1.Verify[TResult](Expression`1 expression, Func`1 times) in /_/src/Moq/Mock`1.cs:line 840
   at Gp4Net.Tests.Tool.Commands.Card.InfoCommandTests.ExecuteAsync_WithApplications_DisplaysSummary() in /_/tests/Gp4Net.Tests/Tool/Commands/Card/InfoCommandTests.cs:line 226
   at NUnit.Framework.Internal.TaskAwaitAdapter.GenericAdapter`1.BlockUntilCompleted()
   at NUnit.Framework.Internal.MessagePumpStrategy.NoMessagePumpStrategy.WaitForCompletion(AwaitAdapter awaiter)
   at NUnit.Framework.Internal.AsyncToSyncAdapter.Await[TResult](TestExecutionContext context, Func`1 invoke)
   at NUnit.Framework.Internal.AsyncToSyncAdapter.Await(TestExecutionContext context, Func`1 invoke)
   at NUnit.Framework.Internal.Commands.TestMethodCommand.RunTestMethod(TestExecutionContext context)
   at NUnit.Framework.Internal.Commands.TestMethodCommand.Execute(TestExecutionContext context)
   at NUnit.Framework.Internal.Commands.BeforeAndAfterTestCommand.&lt;&gt;c__DisplayClass1_0.&lt;Execute&gt;b__0()
   at NUnit.Framework.Internal.Commands.DelegatingTestCommand.RunTestMethodInThreadAbortSafeZone(TestExecutionContext context, Action action)
</StackTrace>
        </ErrorInfo>
      </Output>
    </UnitTestResult>
    <UnitTestResult executionId="72f4230f-1f51-40d0-84d8-fdc4024e43af" testId="9d0c810a-0a20-38c2-0d92-2b37ade3bd4e" testName="UnwrapResponse_InvalidResponse_ThrowsException" computerName="Mistials-New-MBP" duration="00:00:00.0002240" startTime="2025-07-02T19:31:16.5152820-04:00" endTime="2025-07-02T19:31:16.5155060-04:00" testType="13cdc9d9-ddb5-4fa4-a97d-d965ccfc6d4b" outcome="Passed" testListId="8c84fa94-04c1-424b-9868-57a2d4851a1d" relativeResultsDirectory="72f4230f-1f51-40d0-84d8-fdc4024e43af" />
    <UnitTestResult executionId="bfae937d-fbb4-47f0-b8d0-1fe5ca873bd2" testId="a5bd9f3d-9282-4e73-f024-45edef1f4297" testName="RequireSecureChannel_EstablishesSuccessfully_ReturnsContext" computerName="Mistials-New-MBP" duration="00:00:00.0006410" startTime="2025-07-02T19:31:16.5646950-04:00" endTime="2025-07-02T19:31:16.5653360-04:00" testType="13cdc9d9-ddb5-4fa4-a97d-d965ccfc6d4b" outcome="Passed" testListId="8c84fa94-04c1-424b-9868-57a2d4851a1d" relativeResultsDirectory="bfae937d-fbb4-47f0-b8d0-1fe5ca873bd2" />
    <UnitTestResult executionId="a41a10fc-7977-4ef4-b62c-d91d08c9f207" testId="e927a088-d334-ae69-d9ba-647e52927b40" testName="Gp4Net.Tests.Domain.Commands.SelectCommandAutoDetectionTests.SelectResponse_ParsesComplexFci" computerName="Mistials-New-MBP" duration="00:00:00.0009938" startTime="2025-07-02T19:31:16.3397060-04:00" endTime="2025-07-02T19:31:16.3397060-04:00" testType="13cdc9d9-ddb5-4fa4-a97d-d965ccfc6d4b" outcome="Passed" testListId="8c84fa94-04c1-424b-9868-57a2d4851a1d" relativeResultsDirectory="a41a10fc-7977-4ef4-b62c-d91d08c9f207" />
    <UnitTestResult executionId="188160d7-5639-46af-aec1-d44295710696" testId="987aafe3-8bb0-4d38-a45d-b027c7a2cce8" testName="Gp4Net.Tests.Domain.Commands.SelectCommandAutoDetectionTests.SelectResponse_ParsesFciWithAid" computerName="Mistials-New-MBP" duration="00:00:00.0192051" startTime="2025-07-02T19:31:16.3371730-04:00" endTime="2025-07-02T19:31:16.3371730-04:00" testType="13cdc9d9-ddb5-4fa4-a97d-d965ccfc6d4b" outcome="Passed" testListId="8c84fa94-04c1-424b-9868-57a2d4851a1d" relativeResultsDirectory="188160d7-5639-46af-aec1-d44295710696" />
    <UnitTestResult executionId="c7a3016b-25b1-407e-a5fd-4b2fed8ef11e" testId="d7b15020-80fa-e6bb-0e88-eb53ead6c149" testName="IsConnected_GetStatusThrows_ReturnsFalse" computerName="Mistials-New-MBP" duration="00:00:00.0005390" startTime="2025-07-02T19:31:16.6914120-04:00" endTime="2025-07-02T19:31:16.6919510-04:00" testType="13cdc9d9-ddb5-4fa4-a97d-d965ccfc6d4b" outcome="Failed" testListId="8c84fa94-04c1-424b-9868-57a2d4851a1d" relativeResultsDirectory="c7a3016b-25b1-407e-a5fd-4b2fed8ef11e">
      <Output>
        <ErrorInfo>
          <Message>  Assert.That(result, Is.False)
  Expected: False
  But was:  True
</Message>
          <StackTrace>   at Gp4Net.Tests.Tool.Services.WsctCardServiceTests.IsConnected_GetStatusThrows_ReturnsFalse() in /_/tests/Gp4Net.Tests/Tool/Services/WsctCardServiceTests.cs:line 476

1)    at Gp4Net.Tests.Tool.Services.WsctCardServiceTests.IsConnected_GetStatusThrows_ReturnsFalse() in /_/tests/Gp4Net.Tests/Tool/Services/WsctCardServiceTests.cs:line 476

</StackTrace>
        </ErrorInfo>
      </Output>
    </UnitTestResult>
    <UnitTestResult executionId="3753dbe3-8ec1-439a-880b-b628cfada086" testId="2255584a-bb8c-1c34-7351-dc171d6562b1" testName="Gp4Net.Tests.Domain.Commands.SelectCommandAutoDetectionTests.CreateEmptySelect_CreatesSelectWithEmptyAid" computerName="Mistials-New-MBP" duration="00:00:00.0028846" startTime="2025-07-02T19:31:16.3422610-04:00" endTime="2025-07-02T19:31:16.3422610-04:00" testType="13cdc9d9-ddb5-4fa4-a97d-d965ccfc6d4b" outcome="Passed" testListId="8c84fa94-04c1-424b-9868-57a2d4851a1d" relativeResultsDirectory="3753dbe3-8ec1-439a-880b-b628cfada086" />
    <UnitTestResult executionId="e884754f-1690-45e6-8230-224866654a0c" testId="586142f7-9409-7172-fcc2-ecffff5a2bd4" testName="Gp4Net.Tests.Core.Tlv.TlvParserTests.ParseSingle_WithInvalidData_ReturnsNull" computerName="Mistials-New-MBP" duration="00:00:00.0000611" startTime="2025-07-02T19:31:16.3412330-04:00" endTime="2025-07-02T19:31:16.3412330-04:00" testType="13cdc9d9-ddb5-4fa4-a97d-d965ccfc6d4b" outcome="Passed" testListId="8c84fa94-04c1-424b-9868-57a2d4851a1d" relativeResultsDirectory="e884754f-1690-45e6-8230-224866654a0c" />
    <UnitTestResult executionId="cae9c2f9-21a4-49a0-a066-be6f34e4b5e3" testId="c299d64c-15f9-32d1-f71f-fc6bcf0805d7" testName="Gp4Net.Tests.Domain.Commands.StoreDataCommandTests.StoreDataResponse_Parse_ReturnsSuccessfulResponse" computerName="Mistials-New-MBP" duration="00:00:00.0000777" startTime="2025-07-02T19:31:16.3392840-04:00" endTime="2025-07-02T19:31:16.3392850-04:00" testType="13cdc9d9-ddb5-4fa4-a97d-d965ccfc6d4b" outcome="Passed" testListId="8c84fa94-04c1-424b-9868-57a2d4851a1d" relativeResultsDirectory="cae9c2f9-21a4-49a0-a066-be6f34e4b5e3" />
    <UnitTestResult executionId="7265454a-65f3-4fda-9c28-6ee8e6b169fc" testId="21a8efc5-fd2d-18b0-13ae-f2a51be6c7bf" testName="Gp4Net.Tests.Core.Tlv.TlvParserTests.ParseSingle_WithMultiByteTag_ParsesCorrectly" computerName="Mistials-New-MBP" duration="00:00:00.0001620" startTime="2025-07-02T19:31:16.3392190-04:00" endTime="2025-07-02T19:31:16.3392190-04:00" testType="13cdc9d9-ddb5-4fa4-a97d-d965ccfc6d4b" outcome="Passed" testListId="8c84fa94-04c1-424b-9868-57a2d4851a1d" relativeResultsDirectory="7265454a-65f3-4fda-9c28-6ee8e6b169fc" />
    <UnitTestResult executionId="3f1f0f5d-f8ce-4b30-aadb-2c8d53451eb9" testId="3cbac880-b39b-e1af-74de-eda7ba453ce6" testName="Gp4Net.Tests.Domain.Commands.StoreDataCommandTests.ToApdu_WithPlainData_ReturnsCorrectApdu" computerName="Mistials-New-MBP" duration="00:00:00.0000685" startTime="2025-07-02T19:31:16.3400590-04:00" endTime="2025-07-02T19:31:16.3400590-04:00" testType="13cdc9d9-ddb5-4fa4-a97d-d965ccfc6d4b" outcome="Passed" testListId="8c84fa94-04c1-424b-9868-57a2d4851a1d" relativeResultsDirectory="3f1f0f5d-f8ce-4b30-aadb-2c8d53451eb9" />
    <UnitTestResult executionId="d9c9a2ea-07f8-4886-be56-3ef1ff01cd5c" testId="5b0c2963-e38a-9f04-53af-3574d0cc198c" testName="Gp4Net.Tests.Domain.Commands.StoreDataCommandTests.Constructor_WithNullData_ThrowsArgumentNullException" computerName="Mistials-New-MBP" duration="00:00:00.0001299" startTime="2025-07-02T19:31:16.3397520-04:00" endTime="2025-07-02T19:31:16.3397520-04:00" testType="13cdc9d9-ddb5-4fa4-a97d-d965ccfc6d4b" outcome="Passed" testListId="8c84fa94-04c1-424b-9868-57a2d4851a1d" relativeResultsDirectory="d9c9a2ea-07f8-4886-be56-3ef1ff01cd5c" />
    <UnitTestResult executionId="f20ac124-6a40-4116-a904-7ae4b7a0b79e" testId="68fac856-b5e2-6cc7-c59b-6a1538339753" testName="Gp4Net.Tests.Integration.CapLoadingIntegrationTests.CapFile_Exists_CanBeRead" computerName="Mistials-New-MBP" duration="00:00:00.0002474" startTime="2025-07-02T19:31:16.3557140-04:00" endTime="2025-07-02T19:31:16.3557150-04:00" testType="13cdc9d9-ddb5-4fa4-a97d-d965ccfc6d4b" outcome="Passed" testListId="8c84fa94-04c1-424b-9868-57a2d4851a1d" relativeResultsDirectory="f20ac124-6a40-4116-a904-7ae4b7a0b79e" />
    <UnitTestResult executionId="2b3d7ee9-1604-4582-acc7-8cc6d79798e6" testId="206ff45b-3255-fd71-4074-060439b33f88" testName="Gp4Net.Tests.Core.Tlv.TlvParserTests.ParseSingle_WithInvalidFormats_ReturnsNull(data: [], expected: null)" computerName="Mistials-New-MBP" duration="00:00:00.0000020" startTime="2025-07-02T19:31:16.3354610-04:00" endTime="2025-07-02T19:31:16.3354610-04:00" testType="13cdc9d9-ddb5-4fa4-a97d-d965ccfc6d4b" outcome="Passed" testListId="8c84fa94-04c1-424b-9868-57a2d4851a1d" relativeResultsDirectory="2b3d7ee9-1604-4582-acc7-8cc6d79798e6" />
    <UnitTestResult executionId="273c2f83-0185-492d-b982-c263a3c26ddc" testId="aacc15ba-49b3-c2e9-2d0c-b7e9a9c0b8a3" testName="GetAtr_Connected_ReturnsAtr" computerName="Mistials-New-MBP" duration="00:00:00.0014870" startTime="2025-07-02T19:31:16.6873950-04:00" endTime="2025-07-02T19:31:16.6888810-04:00" testType="13cdc9d9-ddb5-4fa4-a97d-d965ccfc6d4b" outcome="Failed" testListId="8c84fa94-04c1-424b-9868-57a2d4851a1d" relativeResultsDirectory="273c2f83-0185-492d-b982-c263a3c26ddc">
      <Output>
        <ErrorInfo>
          <Message>  Assert.That(result, Is.Not.Null)
  Expected: not null
  But was:  null
</Message>
          <StackTrace>   at Gp4Net.Tests.Tool.Services.WsctCardServiceTests.GetAtr_Connected_ReturnsAtr() in /_/tests/Gp4Net.Tests/Tool/Services/WsctCardServiceTests.cs:line 520

1)    at Gp4Net.Tests.Tool.Services.WsctCardServiceTests.GetAtr_Connected_ReturnsAtr() in /_/tests/Gp4Net.Tests/Tool/Services/WsctCardServiceTests.cs:line 520

</StackTrace>
        </ErrorInfo>
      </Output>
    </UnitTestResult>
    <UnitTestResult executionId="e9fcbb07-473a-4080-a4bc-c187f2028d6f" testId="868318e9-7bac-01bb-f82c-a0e73a65fe67" testName="Gp4Net.Tests.Domain.CardInfo.KeyInformationTemplateTests.Parse_EmptyData_ThrowsException" computerName="Mistials-New-MBP" duration="00:00:00.0001055" startTime="2025-07-02T19:31:16.3443590-04:00" endTime="2025-07-02T19:31:16.3443590-04:00" testType="13cdc9d9-ddb5-4fa4-a97d-d965ccfc6d4b" outcome="Passed" testListId="8c84fa94-04c1-424b-9868-57a2d4851a1d" relativeResultsDirectory="e9fcbb07-473a-4080-a4bc-c187f2028d6f" />
    <UnitTestResult executionId="3bb96ab9-44cc-44bb-a6b8-83bedc9c832d" testId="6ad70d67-a437-65d2-76a0-46903c51db89" testName="DefaultValueAttribute_TriggersTypeConverter" computerName="Mistials-New-MBP" duration="00:00:00.0032830" startTime="2025-07-02T19:31:16.6372050-04:00" endTime="2025-07-02T19:31:16.6404880-04:00" testType="13cdc9d9-ddb5-4fa4-a97d-d965ccfc6d4b" outcome="Passed" testListId="8c84fa94-04c1-424b-9868-57a2d4851a1d" relativeResultsDirectory="3bb96ab9-44cc-44bb-a6b8-83bedc9c832d" />
    <UnitTestResult executionId="bd4e7334-a852-4a84-8698-2ac3bbbcddf5" testId="77ee7311-0322-a793-88f1-310127deb93d" testName="CreateFromCapFile_NullData_ThrowsArgumentNullException" computerName="Mistials-New-MBP" duration="00:00:00.0000749" startTime="2025-07-02T19:31:16.5103620-04:00" endTime="2025-07-02T19:31:16.5104360-04:00" testType="13cdc9d9-ddb5-4fa4-a97d-d965ccfc6d4b" outcome="Passed" testListId="8c84fa94-04c1-424b-9868-57a2d4851a1d" relativeResultsDirectory="bd4e7334-a852-4a84-8698-2ac3bbbcddf5" />
    <UnitTestResult executionId="ef6e5fb1-6b49-4fea-ba0e-ec3f269edde8" testId="419404c1-154c-28de-8c75-52825b89eaa7" testName="Constructor_WithNoDependencies_CreatesInstance" computerName="Mistials-New-MBP" duration="00:00:00.0001470" startTime="2025-07-02T19:31:16.6319860-04:00" endTime="2025-07-02T19:31:16.6321320-04:00" testType="13cdc9d9-ddb5-4fa4-a97d-d965ccfc6d4b" outcome="Passed" testListId="8c84fa94-04c1-424b-9868-57a2d4851a1d" relativeResultsDirectory="ef6e5fb1-6b49-4fea-ba0e-ec3f269edde8" />
    <UnitTestResult executionId="8bb73443-42e8-48f9-842d-d82c612547af" testId="da261d6d-8fc8-3c4d-7b56-c4da1fd5b09f" testName="CanConvertFrom_NotString_ReturnsFalse" computerName="Mistials-New-MBP" duration="00:00:00.0002030" startTime="2025-07-02T19:31:16.6339930-04:00" endTime="2025-07-02T19:31:16.6341960-04:00" testType="13cdc9d9-ddb5-4fa4-a97d-d965ccfc6d4b" outcome="Passed" testListId="8c84fa94-04c1-424b-9868-57a2d4851a1d" relativeResultsDirectory="8bb73443-42e8-48f9-842d-d82c612547af" />
    <UnitTestResult executionId="ae380aa2-1af9-421a-a2eb-7ebfb0ea3ae4" testId="6c649d1c-1721-99ae-b205-246a674cbad1" testName="Gp4Net.Tests.Domain.CardInfo.CardCapabilitiesTests.Parse_ComplexCapabilities_ParsesAllSections" computerName="Mistials-New-MBP" duration="00:00:00.0090660" startTime="2025-07-02T19:31:16.3399450-04:00" endTime="2025-07-02T19:31:16.3399450-04:00" testType="13cdc9d9-ddb5-4fa4-a97d-d965ccfc6d4b" outcome="Passed" testListId="8c84fa94-04c1-424b-9868-57a2d4851a1d" relativeResultsDirectory="ae380aa2-1af9-421a-a2eb-7ebfb0ea3ae4" />
    <UnitTestResult executionId="2884bf31-7991-449e-9810-88349ab4c851" testId="35fb0b84-0536-849a-1915-ed9b789ff087" testName="ConvertFrom_NullInput_UsesAuto" computerName="Mistials-New-MBP" duration="00:00:00.0003500" startTime="2025-07-02T19:31:16.6364310-04:00" endTime="2025-07-02T19:31:16.6367810-04:00" testType="13cdc9d9-ddb5-4fa4-a97d-d965ccfc6d4b" outcome="Failed" testListId="8c84fa94-04c1-424b-9868-57a2d4851a1d" relativeResultsDirectory="2884bf31-7991-449e-9810-88349ab4c851">
      <Output>
        <ErrorInfo>
          <Message>System.NotSupportedException : ReaderNameTypeConverter cannot convert from (null).</Message>
          <StackTrace>   at System.ComponentModel.TypeConverter.GetConvertFromException(Object value)
   at System.ComponentModel.TypeConverter.ConvertFrom(ITypeDescriptorContext context, CultureInfo culture, Object value)
   at Gp4Net.Tool.Infrastructure.ReaderNameTypeConverter.ConvertFrom(ITypeDescriptorContext context, CultureInfo culture, Object value) in /_/src/Gp4Net.Tool/Infrastructure/ReaderNameTypeConverter.cs:line 46
   at Gp4Net.Tests.Tool.Infrastructure.ReaderNameTypeConverterTests.ConvertFrom_NullInput_UsesAuto() in /_/tests/Gp4Net.Tests/Tool/Infrastructure/ReaderNameTypeConverterTests.cs:line 214
   at System.RuntimeMethodHandle.InvokeMethod(Object target, Void** arguments, Signature sig, Boolean isConstructor)
   at System.Reflection.MethodBaseInvoker.InvokeWithNoArgs(Object obj, BindingFlags invokeAttr)
</StackTrace>
        </ErrorInfo>
      </Output>
    </UnitTestResult>
    <UnitTestResult executionId="a8a24784-25a1-40e0-ac4d-2de99435ceda" testId="12b9f646-fef5-7962-a025-397067ccfca1" testName="RequireSecureChannel_EstablishmentFails_ThrowsException" computerName="Mistials-New-MBP" duration="00:00:00.0005010" startTime="2025-07-02T19:31:16.5653510-04:00" endTime="2025-07-02T19:31:16.5658520-04:00" testType="13cdc9d9-ddb5-4fa4-a97d-d965ccfc6d4b" outcome="Passed" testListId="8c84fa94-04c1-424b-9868-57a2d4851a1d" relativeResultsDirectory="a8a24784-25a1-40e0-ac4d-2de99435ceda" />
    <UnitTestResult executionId="bac340af-406c-4c08-a0af-fc5bb466ecee" testId="25e4a4b1-56bf-4b34-bb43-4f4b7473fb1e" testName="Gp4Net.Tests.Domain.Protocol.Scp03ProtocolTests.Constructor_WithInvalidImplementation_ThrowsArgumentException(implementation: 255)" computerName="Mistials-New-MBP" duration="00:00:00.0000420" startTime="2025-07-02T19:31:16.3385850-04:00" endTime="2025-07-02T19:31:16.3385850-04:00" testType="13cdc9d9-ddb5-4fa4-a97d-d965ccfc6d4b" outcome="Passed" testListId="8c84fa94-04c1-424b-9868-57a2d4851a1d" relativeResultsDirectory="bac340af-406c-4c08-a0af-fc5bb466ecee" />
    <UnitTestResult executionId="005179d0-7024-4ff2-8ac8-921695a4ea6a" testId="2e2f4485-a521-c90b-5257-832081b14f8f" testName="ConvertFrom_ExactMatch_ReturnsReader" computerName="Mistials-New-MBP" duration="00:00:00.0001720" startTime="2025-07-02T19:31:16.6356390-04:00" endTime="2025-07-02T19:31:16.6358120-04:00" testType="13cdc9d9-ddb5-4fa4-a97d-d965ccfc6d4b" outcome="Passed" testListId="8c84fa94-04c1-424b-9868-57a2d4851a1d" relativeResultsDirectory="005179d0-7024-4ff2-8ac8-921695a4ea6a" />
    <UnitTestResult executionId="1aab28e4-9094-4367-87ff-1486772bb5f6" testId="981bcc31-ddfa-6503-2895-f0e626bb4a36" testName="Constructor_ValidFactory_EstablishesContext" computerName="Mistials-New-MBP" duration="00:00:00.0002320" startTime="2025-07-02T19:31:16.6849570-04:00" endTime="2025-07-02T19:31:16.6851900-04:00" testType="13cdc9d9-ddb5-4fa4-a97d-d965ccfc6d4b" outcome="Passed" testListId="8c84fa94-04c1-424b-9868-57a2d4851a1d" relativeResultsDirectory="1aab28e4-9094-4367-87ff-1486772bb5f6" />
    <UnitTestResult executionId="34fd1045-f1ce-4019-be51-08df70020a26" testId="6c69e1e4-9807-c5ee-b9b5-1491bb537241" testName="Gp4Net.Tests.Core.Tlv.TlvParserTests.ParseAll_WithNestedTlv_ParsesTopLevel" computerName="Mistials-New-MBP" duration="00:00:00.0012338" startTime="2025-07-02T19:31:16.3389270-04:00" endTime="2025-07-02T19:31:16.3389270-04:00" testType="13cdc9d9-ddb5-4fa4-a97d-d965ccfc6d4b" outcome="Passed" testListId="8c84fa94-04c1-424b-9868-57a2d4851a1d" relativeResultsDirectory="34fd1045-f1ce-4019-be51-08df70020a26" />
    <UnitTestResult executionId="ab637aa8-951f-46ad-878d-7a8975fa431f" testId="80c920c6-04f8-4c17-64a8-77fc476c0844" testName="Gp4Net.Tests.Domain.Protocol.Scp03ProtocolTests.Constructor_WithValidImplementation_CreatesProtocol(implementation: 112)" computerName="Mistials-New-MBP" duration="00:00:00.0192775" startTime="2025-07-02T19:31:16.3372330-04:00" endTime="2025-07-02T19:31:16.3372330-04:00" testType="13cdc9d9-ddb5-4fa4-a97d-d965ccfc6d4b" outcome="Passed" testListId="8c84fa94-04c1-424b-9868-57a2d4851a1d" relativeResultsDirectory="ab637aa8-951f-46ad-878d-7a8975fa431f" />
    <UnitTestResult executionId="684b0dc2-7b56-494a-b1a3-90b7910ebbab" testId="9e37d28d-e7f6-8840-55d2-b1d5447f7d64" testName="Dispose_NotConnected_DisposesContext" computerName="Mistials-New-MBP" duration="00:00:00.0001250" startTime="2025-07-02T19:31:16.6872580-04:00" endTime="2025-07-02T19:31:16.6873830-04:00" testType="13cdc9d9-ddb5-4fa4-a97d-d965ccfc6d4b" outcome="Passed" testListId="8c84fa94-04c1-424b-9868-57a2d4851a1d" relativeResultsDirectory="684b0dc2-7b56-494a-b1a3-90b7910ebbab" />
    <UnitTestResult executionId="89a16147-4e6e-4604-a69e-5827d8ed5ebe" testId="7e5b2da0-b1f6-eb14-afad-ae1b8f02cb92" testName="Gp4Net.Tests.Domain.CardInfo.GlobalPlatformOidsTests.CapabilitiesSummary_ToString_ShouldFormatCorrectly" computerName="Mistials-New-MBP" duration="00:00:00.0022497" startTime="2025-07-02T19:31:16.3418530-04:00" endTime="2025-07-02T19:31:16.3418530-04:00" testType="13cdc9d9-ddb5-4fa4-a97d-d965ccfc6d4b" outcome="Passed" testListId="8c84fa94-04c1-424b-9868-57a2d4851a1d" relativeResultsDirectory="89a16147-4e6e-4604-a69e-5827d8ed5ebe" />
    <UnitTestResult executionId="dbd16851-3026-4e36-8b6d-aac99aa84d91" testId="8fb69996-96e3-6514-caf3-11bc237dd013" testName="Gp4Net.Tests.Domain.CardInfo.CardCapabilitiesTests.Parse_WithScpOptions_ParsesCorrectly" computerName="Mistials-New-MBP" duration="00:00:00.0011321" startTime="2025-07-02T19:31:16.3410240-04:00" endTime="2025-07-02T19:31:16.3410240-04:00" testType="13cdc9d9-ddb5-4fa4-a97d-d965ccfc6d4b" outcome="Passed" testListId="8c84fa94-04c1-424b-9868-57a2d4851a1d" relativeResultsDirectory="dbd16851-3026-4e36-8b6d-aac99aa84d91" />
    <UnitTestResult executionId="055530d0-6db9-45f8-b7fd-6421f326ba48" testId="443fe061-61c8-bd0c-8574-ea4969eb48e8" testName="CanConvertFrom_String_ReturnsTrue" computerName="Mistials-New-MBP" duration="00:00:00.0000950" startTime="2025-07-02T19:31:16.6342090-04:00" endTime="2025-07-02T19:31:16.6343040-04:00" testType="13cdc9d9-ddb5-4fa4-a97d-d965ccfc6d4b" outcome="Passed" testListId="8c84fa94-04c1-424b-9868-57a2d4851a1d" relativeResultsDirectory="055530d0-6db9-45f8-b7fd-6421f326ba48" />
    <UnitTestResult executionId="066db92f-846a-4534-a78f-065bad549cef" testId="7c922695-fdd7-1556-6fa6-1c1d73b3c5dc" testName="Connect_ConnectFails_ReturnsFalse" computerName="Mistials-New-MBP" duration="00:00:00.0030840" startTime="2025-07-02T19:31:16.6491150-04:00" endTime="2025-07-02T19:31:16.6521990-04:00" testType="13cdc9d9-ddb5-4fa4-a97d-d965ccfc6d4b" outcome="Failed" testListId="8c84fa94-04c1-424b-9868-57a2d4851a1d" relativeResultsDirectory="066db92f-846a-4534-a78f-065bad549cef">
      <Output>
        <ErrorInfo>
          <Message>  Assert.That(result, Is.False)
  Expected: False
  But was:  True
</Message>
          <StackTrace>   at Gp4Net.Tests.Tool.Services.WsctCardServiceTests.Connect_ConnectFails_ReturnsFalse() in /_/tests/Gp4Net.Tests/Tool/Services/WsctCardServiceTests.cs:line 249

1)    at Gp4Net.Tests.Tool.Services.WsctCardServiceTests.Connect_ConnectFails_ReturnsFalse() in /_/tests/Gp4Net.Tests/Tool/Services/WsctCardServiceTests.cs:line 249

</StackTrace>
        </ErrorInfo>
      </Output>
    </UnitTestResult>
    <UnitTestResult executionId="279cac72-1861-4602-b259-17143c2e7a9f" testId="069c5640-40c2-e61d-c9b2-c2c2caea55ec" testName="Constructor_ValidParameters_CreatesSession" computerName="Mistials-New-MBP" duration="00:00:00.0003910" startTime="2025-07-02T19:31:16.5148790-04:00" endTime="2025-07-02T19:31:16.5152700-04:00" testType="13cdc9d9-ddb5-4fa4-a97d-d965ccfc6d4b" outcome="Passed" testListId="8c84fa94-04c1-424b-9868-57a2d4851a1d" relativeResultsDirectory="279cac72-1861-4602-b259-17143c2e7a9f" />
    <UnitTestResult executionId="19341278-7623-47f7-b5e7-4f5abd0e387f" testId="eb37d289-11ff-b7f6-5119-244c615754db" testName="Gp4Net.Tests.Domain.CardInfo.CardCapabilitiesTests.Parse_WithCipherSuites_ParsesCorrectly" computerName="Mistials-New-MBP" duration="00:00:00.0016518" startTime="2025-07-02T19:31:16.3430230-04:00" endTime="2025-07-02T19:31:16.3430230-04:00" testType="13cdc9d9-ddb5-4fa4-a97d-d965ccfc6d4b" outcome="Passed" testListId="8c84fa94-04c1-424b-9868-57a2d4851a1d" relativeResultsDirectory="19341278-7623-47f7-b5e7-4f5abd0e387f" />
    <UnitTestResult executionId="c0517fc5-3bab-411b-8e8c-6394c9d291e4" testId="6494ff67-529f-4eef-3efe-b4483b4fb17e" testName="Connect_NullReaderName_ThrowsArgumentException" computerName="Mistials-New-MBP" duration="00:00:00.0001040" startTime="2025-07-02T19:31:16.6523820-04:00" endTime="2025-07-02T19:31:16.6524850-04:00" testType="13cdc9d9-ddb5-4fa4-a97d-d965ccfc6d4b" outcome="Passed" testListId="8c84fa94-04c1-424b-9868-57a2d4851a1d" relativeResultsDirectory="c0517fc5-3bab-411b-8e8c-6394c9d291e4" />
    <UnitTestResult executionId="b6ad1449-e00d-4f54-beb2-f12ec27db44d" testId="d3a56f84-de61-787b-37cf-c7c97fdb00ff" testName="DeriveScp03SessionKeys_WithKnownValues_ProducesConsistentResults" computerName="Mistials-New-MBP" duration="00:00:00.0001330" startTime="2025-07-02T19:31:16.4979770-04:00" endTime="2025-07-02T19:31:16.4981090-04:00" testType="13cdc9d9-ddb5-4fa4-a97d-d965ccfc6d4b" outcome="Passed" testListId="8c84fa94-04c1-424b-9868-57a2d4851a1d" relativeResultsDirectory="b6ad1449-e00d-4f54-beb2-f12ec27db44d" />
    <UnitTestResult executionId="95e46be2-957c-4103-a844-da48f12eb09a" testId="e445545a-0ae0-b4dc-5506-d67c61c42a08" testName="DeriveScp03SessionKeys_InvalidHostChallenge_ThrowsException" computerName="Mistials-New-MBP" duration="00:00:00.0000950" startTime="2025-07-02T19:31:16.4968740-04:00" endTime="2025-07-02T19:31:16.4969690-04:00" testType="13cdc9d9-ddb5-4fa4-a97d-d965ccfc6d4b" outcome="Passed" testListId="8c84fa94-04c1-424b-9868-57a2d4851a1d" relativeResultsDirectory="95e46be2-957c-4103-a844-da48f12eb09a" />
    <UnitTestResult executionId="c3944806-3c0a-46c1-a30f-4e5532b23995" testId="ff87fc07-534b-d2bc-0efb-42f24b582b2c" testName="Derive3DesKey_AllZeroInputs_ProducesValidResult" computerName="Mistials-New-MBP" duration="00:00:00.0007310" startTime="2025-07-02T19:31:16.4915440-04:00" endTime="2025-07-02T19:31:16.4922750-04:00" testType="13cdc9d9-ddb5-4fa4-a97d-d965ccfc6d4b" outcome="Passed" testListId="8c84fa94-04c1-424b-9868-57a2d4851a1d" relativeResultsDirectory="c3944806-3c0a-46c1-a30f-4e5532b23995" />
    <UnitTestResult executionId="cadba6c5-d81e-4fd9-af8c-5409de6435cb" testId="5bbae232-6eea-96e5-2321-e0bd64015729" testName="ConvertFrom_NonStringInput_CallsBase" computerName="Mistials-New-MBP" duration="00:00:00.0002070" startTime="2025-07-02T19:31:16.6362180-04:00" endTime="2025-07-02T19:31:16.6364250-04:00" testType="13cdc9d9-ddb5-4fa4-a97d-d965ccfc6d4b" outcome="Passed" testListId="8c84fa94-04c1-424b-9868-57a2d4851a1d" relativeResultsDirectory="cadba6c5-d81e-4fd9-af8c-5409de6435cb" />
    <UnitTestResult executionId="6f885126-3099-48d8-9480-c463d811e593" testId="a6d53fc8-6e42-9796-2ca1-ce821bd91372" testName="Settings_RequiresSecureChannel_ReturnsFalse" computerName="Mistials-New-MBP" duration="00:00:00.0000699" startTime="2025-07-02T19:31:16.6318610-04:00" endTime="2025-07-02T19:31:16.6319310-04:00" testType="13cdc9d9-ddb5-4fa4-a97d-d965ccfc6d4b" outcome="Passed" testListId="8c84fa94-04c1-424b-9868-57a2d4851a1d" relativeResultsDirectory="6f885126-3099-48d8-9480-c463d811e593" />
    <UnitTestResult executionId="dc66aa14-7c8f-40f1-a5d5-e7a781281f9d" testId="cd21e0a9-1561-cd7f-9def-1611cd9a2043" testName="FluentInterface_ChainsMethodsCorrectly" computerName="Mistials-New-MBP" duration="00:00:00.0002010" startTime="2025-07-02T19:31:16.5165050-04:00" endTime="2025-07-02T19:31:16.5167050-04:00" testType="13cdc9d9-ddb5-4fa4-a97d-d965ccfc6d4b" outcome="Passed" testListId="8c84fa94-04c1-424b-9868-57a2d4851a1d" relativeResultsDirectory="dc66aa14-7c8f-40f1-a5d5-e7a781281f9d" />
    <UnitTestResult executionId="3bb543da-c063-442d-83f3-3ba529c6f9b6" testId="371c3ac5-7869-2e54-9384-7b8c51704e18" testName="Dispose_CalledMultipleTimes_OnlyDisposesOnce" computerName="Mistials-New-MBP" duration="00:00:00.0001800" startTime="2025-07-02T19:31:16.6866650-04:00" endTime="2025-07-02T19:31:16.6868450-04:00" testType="13cdc9d9-ddb5-4fa4-a97d-d965ccfc6d4b" outcome="Passed" testListId="8c84fa94-04c1-424b-9868-57a2d4851a1d" relativeResultsDirectory="3bb543da-c063-442d-83f3-3ba529c6f9b6" />
    <UnitTestResult executionId="fe9e7b82-f95a-4509-a585-1c65305538b2" testId="54c474b2-8c23-e67e-1946-ec6bc00248c8" testName="Constructor_NonFirstBlockWithoutTotalSize_Succeeds" computerName="Mistials-New-MBP" duration="00:00:00.0000890" startTime="2025-07-02T19:31:16.5089880-04:00" endTime="2025-07-02T19:31:16.5090770-04:00" testType="13cdc9d9-ddb5-4fa4-a97d-d965ccfc6d4b" outcome="Passed" testListId="8c84fa94-04c1-424b-9868-57a2d4851a1d" relativeResultsDirectory="fe9e7b82-f95a-4509-a585-1c65305538b2" />
    <UnitTestResult executionId="a150810f-19e9-490b-80a5-d7719824b217" testId="2535bceb-0345-379f-5029-e2a684c52785" testName="Derive3DesKey_ValidInputs16ByteKey2ByteCounter_ReturnsExpectedResult" computerName="Mistials-New-MBP" duration="00:00:00.0000630" startTime="2025-07-02T19:31:16.4954330-04:00" endTime="2025-07-02T19:31:16.4954950-04:00" testType="13cdc9d9-ddb5-4fa4-a97d-d965ccfc6d4b" outcome="Passed" testListId="8c84fa94-04c1-424b-9868-57a2d4851a1d" relativeResultsDirectory="a150810f-19e9-490b-80a5-d7719824b217" />
    <UnitTestResult executionId="a474dbb6-8507-4816-a9c9-d227ab7c75d8" testId="569a236b-1d80-6259-f909-9a8590e0be2f" testName="ToApdu_IncludesLeField" computerName="Mistials-New-MBP" duration="00:00:00.0000690" startTime="2025-07-02T19:31:16.5123620-04:00" endTime="2025-07-02T19:31:16.5124300-04:00" testType="13cdc9d9-ddb5-4fa4-a97d-d965ccfc6d4b" outcome="Passed" testListId="8c84fa94-04c1-424b-9868-57a2d4851a1d" relativeResultsDirectory="a474dbb6-8507-4816-a9c9-d227ab7c75d8" />
    <UnitTestResult executionId="e6d1da3a-f4c8-4adf-a6e7-b10c2650c378" testId="6ab9c82d-ac69-6778-de00-1dbbbd519f65" testName="Derive3DesKey_EmptyBaseKey_ThrowsArgumentException" computerName="Mistials-New-MBP" duration="00:00:00.0019160" startTime="2025-07-02T19:31:16.4926310-04:00" endTime="2025-07-02T19:31:16.4945470-04:00" testType="13cdc9d9-ddb5-4fa4-a97d-d965ccfc6d4b" outcome="Passed" testListId="8c84fa94-04c1-424b-9868-57a2d4851a1d" relativeResultsDirectory="e6d1da3a-f4c8-4adf-a6e7-b10c2650c378" />
    <UnitTestResult executionId="7ecf7c0a-a922-4170-be44-01fe3ca1ef78" testId="158f4787-c26f-8495-e459-adfd969099a3" testName="Derive3DesKey_KeyImmutability_DoesNotModifyInputs" computerName="Mistials-New-MBP" duration="00:00:00.0000980" startTime="2025-07-02T19:31:16.4948800-04:00" endTime="2025-07-02T19:31:16.4949780-04:00" testType="13cdc9d9-ddb5-4fa4-a97d-d965ccfc6d4b" outcome="Passed" testListId="8c84fa94-04c1-424b-9868-57a2d4851a1d" relativeResultsDirectory="7ecf7c0a-a922-4170-be44-01fe3ca1ef78" />
    <UnitTestResult executionId="05f3d360-3f34-4147-8296-7d255d63b232" testId="a0ad94f8-5869-ce24-0418-2487d35b399c" testName="Constructor_EstablishFails_ThrowsInvalidOperationException" computerName="Mistials-New-MBP" duration="00:00:00.0014940" startTime="2025-07-02T19:31:16.6832880-04:00" endTime="2025-07-02T19:31:16.6847820-04:00" testType="13cdc9d9-ddb5-4fa4-a97d-d965ccfc6d4b" outcome="Passed" testListId="8c84fa94-04c1-424b-9868-57a2d4851a1d" relativeResultsDirectory="05f3d360-3f34-4147-8296-7d255d63b232" />
    <UnitTestResult executionId="ff995147-965b-459c-b5a1-8f4a339e5ef5" testId="47b52f30-524f-fb8a-bf53-c25d4e9f41fb" testName="Gp4Net.Tests.Domain.Protocol.Scp03ProtocolTests.Constructor_WithInvalidImplementation_ThrowsArgumentException(implementation: 80)" computerName="Mistials-New-MBP" duration="00:00:00.0000178" startTime="2025-07-02T19:31:16.3386910-04:00" endTime="2025-07-02T19:31:16.3386910-04:00" testType="13cdc9d9-ddb5-4fa4-a97d-d965ccfc6d4b" outcome="Passed" testListId="8c84fa94-04c1-424b-9868-57a2d4851a1d" relativeResultsDirectory="ff995147-965b-459c-b5a1-8f4a339e5ef5" />
    <UnitTestResult executionId="1c7da46d-3aa7-46d1-b694-a0b6b3448c78" testId="a75781b3-88d6-9312-5792-fb3f2c7c33bc" testName="Gp4Net.Tests.Domain.CardInfo.KeyInformationTemplateTests.Parse_WithMultipleKeyTypes_ParsesAllTypes" computerName="Mistials-New-MBP" duration="00:00:00.0008461" startTime="2025-07-02T19:31:16.3432630-04:00" endTime="2025-07-02T19:31:16.3432640-04:00" testType="13cdc9d9-ddb5-4fa4-a97d-d965ccfc6d4b" outcome="Passed" testListId="8c84fa94-04c1-424b-9868-57a2d4851a1d" relativeResultsDirectory="1c7da46d-3aa7-46d1-b694-a0b6b3448c78" />
    <UnitTestResult executionId="7fa72672-e1c5-4ae2-a9d6-9f9c90177e2a" testId="33f4dcfe-c403-56f1-5a59-07dda7e243cc" testName="Derive3DesKey_EmptySequenceCounter_ThrowsArgumentException" computerName="Mistials-New-MBP" duration="00:00:00.0001350" startTime="2025-07-02T19:31:16.4945560-04:00" endTime="2025-07-02T19:31:16.4946910-04:00" testType="13cdc9d9-ddb5-4fa4-a97d-d965ccfc6d4b" outcome="Passed" testListId="8c84fa94-04c1-424b-9868-57a2d4851a1d" relativeResultsDirectory="7fa72672-e1c5-4ae2-a9d6-9f9c90177e2a" />
    <UnitTestResult executionId="ef099daf-2147-42b8-8f44-75f0b9465f27" testId="3bb1f9ff-25d1-aea2-1662-be923085a4da" testName="Gp4Net.Tests.Domain.CardInfo.GlobalPlatformOidsTests.GetAllKnownOids_ShouldReturnNonEmptyDictionary" computerName="Mistials-New-MBP" duration="00:00:00.0015321" startTime="2025-07-02T19:31:16.3397850-04:00" endTime="2025-07-02T19:31:16.3397850-04:00" testType="13cdc9d9-ddb5-4fa4-a97d-d965ccfc6d4b" outcome="Passed" testListId="8c84fa94-04c1-424b-9868-57a2d4851a1d" relativeResultsDirectory="ef099daf-2147-42b8-8f44-75f0b9465f27" />
    <UnitTestResult executionId="d9e4d0ba-ecaf-42ae-809b-9722d56d423b" testId="8dbaa827-1903-d3e3-68c6-24eb1139d845" testName="RequireCardConnection_ConnectionFails_ThrowsException" computerName="Mistials-New-MBP" duration="00:00:00.0006430" startTime="2025-07-02T19:31:16.5622520-04:00" endTime="2025-07-02T19:31:16.5628950-04:00" testType="13cdc9d9-ddb5-4fa4-a97d-d965ccfc6d4b" outcome="Passed" testListId="8c84fa94-04c1-424b-9868-57a2d4851a1d" relativeResultsDirectory="d9e4d0ba-ecaf-42ae-809b-9722d56d423b" />
    <UnitTestResult executionId="607386ab-1956-426e-8a18-49443ffb841c" testId="0a98e81f-1b95-7af9-5537-be2abe5ebd7c" testName="CalculateCryptogram_Scp03_ReturnsEightBytes" computerName="Mistials-New-MBP" duration="00:00:00.0001480" startTime="2025-07-02T19:31:16.4965580-04:00" endTime="2025-07-02T19:31:16.4967060-04:00" testType="13cdc9d9-ddb5-4fa4-a97d-d965ccfc6d4b" outcome="Passed" testListId="8c84fa94-04c1-424b-9868-57a2d4851a1d" relativeResultsDirectory="607386ab-1956-426e-8a18-49443ffb841c" />
    <UnitTestResult executionId="ae096190-5f92-4d98-9ee8-09ab3c00e3d1" testId="feda0d91-c5dc-90b0-e191-7f6edbbccf58" testName="Connect_AlreadyConnected_DisconnectsFirst" computerName="Mistials-New-MBP" duration="00:00:00.0085250" startTime="2025-07-02T19:31:16.6405620-04:00" endTime="2025-07-02T19:31:16.6490870-04:00" testType="13cdc9d9-ddb5-4fa4-a97d-d965ccfc6d4b" outcome="Passed" testListId="8c84fa94-04c1-424b-9868-57a2d4851a1d" relativeResultsDirectory="ae096190-5f92-4d98-9ee8-09ab3c00e3d1" />
    <UnitTestResult executionId="ed9f3f62-0b80-4243-bbb0-9125ce325428" testId="0c14001b-2391-d012-5753-f4807aa5d3c2" testName="SendCommand_TransmitFails_ThrowsInvalidOperationException" computerName="Mistials-New-MBP" duration="00:00:00.0012160" startTime="2025-07-02T19:31:16.6955830-04:00" endTime="2025-07-02T19:31:16.6967990-04:00" testType="13cdc9d9-ddb5-4fa4-a97d-d965ccfc6d4b" outcome="Passed" testListId="8c84fa94-04c1-424b-9868-57a2d4851a1d" relativeResultsDirectory="ed9f3f62-0b80-4243-bbb0-9125ce325428" />
    <UnitTestResult executionId="8faf515d-3683-4ce0-8991-23c587bba2f3" testId="50d6290c-b4db-fd48-e73c-f91ecf6b15ee" testName="Gp4Net.Tests.Domain.Commands.StoreDataCommandTests.CreateScpEnableCommand_WithNoImplementations_ThrowsArgumentException" computerName="Mistials-New-MBP" duration="00:00:00.0001878" startTime="2025-07-02T19:31:16.3391650-04:00" endTime="2025-07-02T19:31:16.3391660-04:00" testType="13cdc9d9-ddb5-4fa4-a97d-d965ccfc6d4b" outcome="Passed" testListId="8c84fa94-04c1-424b-9868-57a2d4851a1d" relativeResultsDirectory="8faf515d-3683-4ce0-8991-23c587bba2f3" />
    <UnitTestResult executionId="9ce20977-1493-48dc-8c65-143dab3991aa" testId="fa270e3a-59a9-ffda-7e84-4008151a2855" testName="Gp4Net.Tests.Integration.CapLoadingIntegrationTests.TraceComparison_LoadCommands_MatchExpectedStructure" computerName="Mistials-New-MBP" duration="00:00:00.0158209" startTime="2025-07-02T19:31:16.3553950-04:00" endTime="2025-07-02T19:31:16.3553950-04:00" testType="13cdc9d9-ddb5-4fa4-a97d-d965ccfc6d4b" outcome="Passed" testListId="8c84fa94-04c1-424b-9868-57a2d4851a1d" relativeResultsDirectory="9ce20977-1493-48dc-8c65-143dab3991aa" />
    <UnitTestResult executionId="891d0e29-f2bb-4add-883e-c8384777d488" testId="e0361428-eba7-a0ee-acbd-be1397bf381b" testName="Constructor_WithoutDek_CreatesInstance" computerName="Mistials-New-MBP" duration="00:00:00.0000560" startTime="2025-07-02T19:31:16.5141800-04:00" endTime="2025-07-02T19:31:16.5142370-04:00" testType="13cdc9d9-ddb5-4fa4-a97d-d965ccfc6d4b" outcome="Passed" testListId="8c84fa94-04c1-424b-9868-57a2d4851a1d" relativeResultsDirectory="891d0e29-f2bb-4add-883e-c8384777d488" />
    <UnitTestResult executionId="86b1892a-d9f2-47b1-9def-c38c3793d1d8" testId="aed66c9f-cd7e-19ca-2fa0-64f26b0b1b60" testName="Derive3DesKey_TooLongSequenceCounter_ThrowsArgumentException" computerName="Mistials-New-MBP" duration="00:00:00.0000800" startTime="2025-07-02T19:31:16.4953510-04:00" endTime="2025-07-02T19:31:16.4954310-04:00" testType="13cdc9d9-ddb5-4fa4-a97d-d965ccfc6d4b" outcome="Passed" testListId="8c84fa94-04c1-424b-9868-57a2d4851a1d" relativeResultsDirectory="86b1892a-d9f2-47b1-9def-c38c3793d1d8" />
    <UnitTestResult executionId="c46357b6-22c9-43ce-a81a-dcc5e12cb077" testId="fa14b350-da04-7809-9896-3aa0b7bd3964" testName="CreateFromCapFile_SmallCapFile_CreatesSingleCommand" computerName="Mistials-New-MBP" duration="00:00:00.0001100" startTime="2025-07-02T19:31:16.5109680-04:00" endTime="2025-07-02T19:31:16.5110770-04:00" testType="13cdc9d9-ddb5-4fa4-a97d-d965ccfc6d4b" outcome="Passed" testListId="8c84fa94-04c1-424b-9868-57a2d4851a1d" relativeResultsDirectory="c46357b6-22c9-43ce-a81a-dcc5e12cb077" />
    <UnitTestResult executionId="8df25a00-b415-49a7-88b9-091991118e97" testId="9592b77e-930d-a549-5eb2-d95598221e17" testName="RequireCardConnection_AutoDetect_UsesFirstReader" computerName="Mistials-New-MBP" duration="00:00:00.0006849" startTime="2025-07-02T19:31:16.5615590-04:00" endTime="2025-07-02T19:31:16.5622440-04:00" testType="13cdc9d9-ddb5-4fa4-a97d-d965ccfc6d4b" outcome="Passed" testListId="8c84fa94-04c1-424b-9868-57a2d4851a1d" relativeResultsDirectory="8df25a00-b415-49a7-88b9-091991118e97" />
    <UnitTestResult executionId="b878d194-8793-4816-8051-1f5b8de18919" testId="bff1ad8c-38f5-198b-efa2-16a7379dcbb0" testName="WithDataFromHex_ValidHexString_SetsData" computerName="Mistials-New-MBP" duration="00:00:00.0000450" startTime="2025-07-02T19:31:16.5168820-04:00" endTime="2025-07-02T19:31:16.5169270-04:00" testType="13cdc9d9-ddb5-4fa4-a97d-d965ccfc6d4b" outcome="Passed" testListId="8c84fa94-04c1-424b-9868-57a2d4851a1d" relativeResultsDirectory="b878d194-8793-4816-8051-1f5b8de18919" />
    <UnitTestResult executionId="25509f2a-1abd-413d-84d8-faafe87d6e71" testId="62131c24-be91-f5c8-95ba-334734e47d2c" testName="Gp4Net.Tests.Transport.T0ApduTransportTests.TransmitAsync_WithNoLe_DoesNotAddLeByte" computerName="Mistials-New-MBP" duration="00:00:00.0113805" startTime="2025-07-02T19:31:16.3888180-04:00" endTime="2025-07-02T19:31:16.3888180-04:00" testType="13cdc9d9-ddb5-4fa4-a97d-d965ccfc6d4b" outcome="Passed" testListId="8c84fa94-04c1-424b-9868-57a2d4851a1d" relativeResultsDirectory="25509f2a-1abd-413d-84d8-faafe87d6e71" />
    <UnitTestResult executionId="c357d8e1-7c1b-41f5-8f40-03327e3f22dd" testId="cf10cf70-06a9-0816-3c3e-f82f1c15f008" testName="IsSecureChannelEstablished_Always_ReturnsFalse" computerName="Mistials-New-MBP" duration="00:00:00.0000880" startTime="2025-07-02T19:31:16.6919590-04:00" endTime="2025-07-02T19:31:16.6920470-04:00" testType="13cdc9d9-ddb5-4fa4-a97d-d965ccfc6d4b" outcome="Passed" testListId="8c84fa94-04c1-424b-9868-57a2d4851a1d" relativeResultsDirectory="c357d8e1-7c1b-41f5-8f40-03327e3f22dd" />
    <UnitTestResult executionId="f9231441-8096-4d13-802e-d2d5dcf22c5e" testId="90e9169e-44d4-56ae-b70a-58d5afc528ad" testName="Gp4Net.Tests.Integration.CapLoadingIntegrationTests.CapFileLoading_EndToEndWorkflow_GeneratesCorrectWrappedCommands" computerName="Mistials-New-MBP" duration="00:00:00.0004669" startTime="2025-07-02T19:31:16.3561600-04:00" endTime="2025-07-02T19:31:16.3561600-04:00" testType="13cdc9d9-ddb5-4fa4-a97d-d965ccfc6d4b" outcome="Passed" testListId="8c84fa94-04c1-424b-9868-57a2d4851a1d" relativeResultsDirectory="f9231441-8096-4d13-802e-d2d5dcf22c5e" />
    <UnitTestResult executionId="7a8fb9be-79ec-40ba-b2a8-6d0024037307" testId="e0922bf4-314d-2437-9f93-8625956d6fca" testName="Gp4Net.Tests.Domain.Protocol.Scp03ProtocolTests.Constructor_WithValidImplementation_CreatesProtocol(implementation: 0)" computerName="Mistials-New-MBP" duration="00:00:00.0000007" startTime="2025-07-02T19:31:16.3380420-04:00" endTime="2025-07-02T19:31:16.3380420-04:00" testType="13cdc9d9-ddb5-4fa4-a97d-d965ccfc6d4b" outcome="Passed" testListId="8c84fa94-04c1-424b-9868-57a2d4851a1d" relativeResultsDirectory="7a8fb9be-79ec-40ba-b2a8-6d0024037307" />
    <UnitTestResult executionId="2d1a9741-0ff8-4cc4-9da6-e7423ed7ef60" testId="cdec9d8c-ee14-6e39-9693-89e305a39431" testName="WithStatusWord_SetsStatusWord" computerName="Mistials-New-MBP" duration="00:00:00.0000410" startTime="2025-07-02T19:31:16.5171280-04:00" endTime="2025-07-02T19:31:16.5171700-04:00" testType="13cdc9d9-ddb5-4fa4-a97d-d965ccfc6d4b" outcome="Passed" testListId="8c84fa94-04c1-424b-9868-57a2d4851a1d" relativeResultsDirectory="2d1a9741-0ff8-4cc4-9da6-e7423ed7ef60" />
    <UnitTestResult executionId="5a98dd98-f896-44c8-9893-a5d3640d246d" testId="7443be5f-83e4-802c-b48a-4706c8b1e243" testName="Gp4Net.Tests.Transport.T0ApduTransportTests.TransmitAsync_WithGetResponseChaining_Works" computerName="Mistials-New-MBP" duration="00:00:00.0050799" startTime="2025-07-02T19:31:16.3973450-04:00" endTime="2025-07-02T19:31:16.3973450-04:00" testType="13cdc9d9-ddb5-4fa4-a97d-d965ccfc6d4b" outcome="Passed" testListId="8c84fa94-04c1-424b-9868-57a2d4851a1d" relativeResultsDirectory="5a98dd98-f896-44c8-9893-a5d3640d246d" />
    <UnitTestResult executionId="3f4b042d-7378-404d-94cd-af1b558fb3cc" testId="74aeef57-341b-8542-7aea-0b5ec9ac3802" testName="Gp4Net.Tests.Domain.Protocol.Scp03ProtocolTests.Constructor_WithValidKeySet_CreatesProtocol" computerName="Mistials-New-MBP" duration="00:00:00.0000502" startTime="2025-07-02T19:31:16.3448840-04:00" endTime="2025-07-02T19:31:16.3448840-04:00" testType="13cdc9d9-ddb5-4fa4-a97d-d965ccfc6d4b" outcome="Passed" testListId="8c84fa94-04c1-424b-9868-57a2d4851a1d" relativeResultsDirectory="3f4b042d-7378-404d-94cd-af1b558fb3cc" />
    <UnitTestResult executionId="be79bed3-6b52-4a73-b66e-7baf6b3f47f9" testId="64c7a427-91cf-7e2f-7621-d2ce366e467b" testName="Derive3DesKey_InvalidBaseKeyLength_ThrowsArgumentException" computerName="Mistials-New-MBP" duration="00:00:00.0000950" startTime="2025-07-02T19:31:16.4946970-04:00" endTime="2025-07-02T19:31:16.4947920-04:00" testType="13cdc9d9-ddb5-4fa4-a97d-d965ccfc6d4b" outcome="Passed" testListId="8c84fa94-04c1-424b-9868-57a2d4851a1d" relativeResultsDirectory="be79bed3-6b52-4a73-b66e-7baf6b3f47f9" />
    <UnitTestResult executionId="c5d9635d-1985-4abe-938c-91270d2f0839" testId="1a105cc2-30e6-d546-9950-62be228f0ff9" testName="Gp4Net.Tests.Domain.Commands.SelectCommandAutoDetectionTests.EmptySelectCommand_GeneratesCorrectApdu" computerName="Mistials-New-MBP" duration="00:00:00.0014740" startTime="2025-07-02T19:31:16.3437970-04:00" endTime="2025-07-02T19:31:16.3437970-04:00" testType="13cdc9d9-ddb5-4fa4-a97d-d965ccfc6d4b" outcome="Passed" testListId="8c84fa94-04c1-424b-9868-57a2d4851a1d" relativeResultsDirectory="c5d9635d-1985-4abe-938c-91270d2f0839" />
    <UnitTestResult executionId="494b2f21-b047-45a0-9854-0b6501f9c586" testId="22861157-f4bf-f220-2ec5-f45c42605a76" testName="WrapCommand_InvalidCommand_ThrowsException" computerName="Mistials-New-MBP" duration="00:00:00.0001670" startTime="2025-07-02T19:31:16.5155170-04:00" endTime="2025-07-02T19:31:16.5156840-04:00" testType="13cdc9d9-ddb5-4fa4-a97d-d965ccfc6d4b" outcome="Passed" testListId="8c84fa94-04c1-424b-9868-57a2d4851a1d" relativeResultsDirectory="494b2f21-b047-45a0-9854-0b6501f9c586" />
    <UnitTestResult executionId="89cd519f-76ab-42e9-9307-8f89154e196b" testId="de84b586-1e8b-72e8-256e-65d556bcd50e" testName="DeriveScp03SessionKeys_ProducesThreeDifferentKeys" computerName="Mistials-New-MBP" duration="00:00:00.0001070" startTime="2025-07-02T19:31:16.4973850-04:00" endTime="2025-07-02T19:31:16.4974920-04:00" testType="13cdc9d9-ddb5-4fa4-a97d-d965ccfc6d4b" outcome="Passed" testListId="8c84fa94-04c1-424b-9868-57a2d4851a1d" relativeResultsDirectory="89cd519f-76ab-42e9-9307-8f89154e196b" />
    <UnitTestResult executionId="96f0d01a-8513-4425-ab04-dc9828ec3a1f" testId="105da271-b66c-fe15-5290-79ae04e7f799" testName="Gp4Net.Tests.Domain.Protocol.Scp03ProtocolTests.ProcessInitializeUpdateResponse_WithScp02Response_ThrowsInvalidOperationException" computerName="Mistials-New-MBP" duration="00:00:00.0006378" startTime="2025-07-02T19:31:16.3393280-04:00" endTime="2025-07-02T19:31:16.3393280-04:00" testType="13cdc9d9-ddb5-4fa4-a97d-d965ccfc6d4b" outcome="Passed" testListId="8c84fa94-04c1-424b-9868-57a2d4851a1d" relativeResultsDirectory="96f0d01a-8513-4425-ab04-dc9828ec3a1f" />
    <UnitTestResult executionId="29c01188-b0fc-4661-aa1a-c5c8e15ec206" testId="8f5e9ed6-3c39-aea0-ac06-652df0bd5cb7" testName="Gp4Net.Tests.Core.Tlv.TlvParserTests.ParseSingle_WithOffset_ParsesFromCorrectPosition" computerName="Mistials-New-MBP" duration="00:00:00.0000677" startTime="2025-07-02T19:31:16.3412790-04:00" endTime="2025-07-02T19:31:16.3412790-04:00" testType="13cdc9d9-ddb5-4fa4-a97d-d965ccfc6d4b" outcome="Passed" testListId="8c84fa94-04c1-424b-9868-57a2d4851a1d" relativeResultsDirectory="29c01188-b0fc-4661-aa1a-c5c8e15ec206" />
    <UnitTestResult executionId="eed00a58-4805-44c8-b44a-a68d6fac9913" testId="09c0c8a5-a165-6d49-862a-5590f252ec27" testName="ConvertFrom_Auto_SingleReader_ReturnsAutoDetectedReader" computerName="Mistials-New-MBP" duration="00:00:00.0002930" startTime="2025-07-02T19:31:16.6348980-04:00" endTime="2025-07-02T19:31:16.6351910-04:00" testType="13cdc9d9-ddb5-4fa4-a97d-d965ccfc6d4b" outcome="Passed" testListId="8c84fa94-04c1-424b-9868-57a2d4851a1d" relativeResultsDirectory="eed00a58-4805-44c8-b44a-a68d6fac9913">
      <Output>
        <StdOut>\u001b[38;5;2mAuto-detected reader:\u001b[0m Test Reader 1</StdOut>
      </Output>
    </UnitTestResult>
    <UnitTestResult executionId="783e2612-b548-4680-8533-616ee54d0400" testId="19fabaee-42d0-3de2-1ad5-66d2b4e8b402" testName="ExecuteAsync_WithAsyncFunction_ExecutesSuccessfully" computerName="Mistials-New-MBP" duration="00:00:00.0140650" startTime="2025-07-02T19:31:16.5172320-04:00" endTime="2025-07-02T19:31:16.5312970-04:00" testType="13cdc9d9-ddb5-4fa4-a97d-d965ccfc6d4b" outcome="Passed" testListId="8c84fa94-04c1-424b-9868-57a2d4851a1d" relativeResultsDirectory="783e2612-b548-4680-8533-616ee54d0400" />
    <UnitTestResult executionId="13816f70-b8d5-4bef-8096-d03bd359ec66" testId="bf9c11ec-23b6-6e37-fde8-4b56c319382f" testName="ConvertFrom_NoMatch_ThrowsArgumentException" computerName="Mistials-New-MBP" duration="00:00:00.0002240" startTime="2025-07-02T19:31:16.6359810-04:00" endTime="2025-07-02T19:31:16.6362050-04:00" testType="13cdc9d9-ddb5-4fa4-a97d-d965ccfc6d4b" outcome="Passed" testListId="8c84fa94-04c1-424b-9868-57a2d4851a1d" relativeResultsDirectory="13816f70-b8d5-4bef-8096-d03bd359ec66">
      <Output>
        <StdOut>\u001b[38;5;9mNo reader found matching 'NonExistent'.\u001b[0m
\u001b[38;5;11mAvailable readers:\u001b[0m
  • Reader 1
  • Reader 2</StdOut>
      </Output>
    </UnitTestResult>
    <UnitTestResult executionId="9fcc832a-38fa-4f05-8ca9-b76eb2b46432" testId="f177a5ea-a6b0-df06-a19a-0613e77c2092" testName="ConvertFrom_Auto_NoReaders_ThrowsArgumentException" computerName="Mistials-New-MBP" duration="00:00:00.0004710" startTime="2025-07-02T19:31:16.6344190-04:00" endTime="2025-07-02T19:31:16.6348890-04:00" testType="13cdc9d9-ddb5-4fa4-a97d-d965ccfc6d4b" outcome="Passed" testListId="8c84fa94-04c1-424b-9868-57a2d4851a1d" relativeResultsDirectory="9fcc832a-38fa-4f05-8ca9-b76eb2b46432" />
    <UnitTestResult executionId="1f6607ab-0f13-4924-a8bd-54ca130104b3" testId="b7ab1481-449b-cad1-858f-51c97fd48f6e" testName="WithSecurityNotSatisfied_SetsCorrectStatus" computerName="Mistials-New-MBP" duration="00:00:00.0000880" startTime="2025-07-02T19:31:16.5169730-04:00" endTime="2025-07-02T19:31:16.5170610-04:00" testType="13cdc9d9-ddb5-4fa4-a97d-d965ccfc6d4b" outcome="Passed" testListId="8c84fa94-04c1-424b-9868-57a2d4851a1d" relativeResultsDirectory="1f6607ab-0f13-4924-a8bd-54ca130104b3" />
    <UnitTestResult executionId="83f47c7b-8219-4882-9bab-fd2eba9d923d" testId="d0ee533f-01c7-f548-95d2-e759fc4f7320" testName="Gp4Net.Tests.Integration.TraceBasedSecureChannelTests.Can_Resolve_VISA2_Keyset_With_Lua_Script" computerName="Mistials-New-MBP" duration="00:00:00.0026370" startTime="2025-07-02T19:31:16.4105440-04:00" endTime="2025-07-02T19:31:16.4105440-04:00" testType="13cdc9d9-ddb5-4fa4-a97d-d965ccfc6d4b" outcome="Passed" testListId="8c84fa94-04c1-424b-9868-57a2d4851a1d" relativeResultsDirectory="83f47c7b-8219-4882-9bab-fd2eba9d923d" />
    <UnitTestResult executionId="3f81d67c-021f-4872-9d1f-28ba023e8569" testId="5b88080d-92c2-bab0-32f8-1d2034c2716a" testName="Gp4Net.Tests.Core.Tlv.TlvParserTests.ParseSingle_WithLongFormLength_ParsesCorrectly" computerName="Mistials-New-MBP" duration="00:00:00.0001767" startTime="2025-07-02T19:31:16.3382680-04:00" endTime="2025-07-02T19:31:16.3382680-04:00" testType="13cdc9d9-ddb5-4fa4-a97d-d965ccfc6d4b" outcome="Passed" testListId="8c84fa94-04c1-424b-9868-57a2d4851a1d" relativeResultsDirectory="3f81d67c-021f-4872-9d1f-28ba023e8569" />
    <UnitTestResult executionId="d79d6de8-c3a9-4b49-88ed-7062b6cde74c" testId="162020c2-6069-e4a0-b91a-0c8b1789197b" testName="Connect_EmptyReaderName_ThrowsArgumentException" computerName="Mistials-New-MBP" duration="00:00:00.0001580" startTime="2025-07-02T19:31:16.6522200-04:00" endTime="2025-07-02T19:31:16.6523780-04:00" testType="13cdc9d9-ddb5-4fa4-a97d-d965ccfc6d4b" outcome="Passed" testListId="8c84fa94-04c1-424b-9868-57a2d4851a1d" relativeResultsDirectory="d79d6de8-c3a9-4b49-88ed-7062b6cde74c" />
    <UnitTestResult executionId="4b830786-f19a-44a0-94f2-953444de79c5" testId="c9fa9ab7-551f-7a14-8bb4-33879ce14528" testName="Gp4Net.Tests.Domain.Protocol.Scp03ProtocolTests.CreateInitializeUpdateCommand_WithInvalidHostChallenge_ThrowsArgumentException" computerName="Mistials-New-MBP" duration="00:00:00.0001107" startTime="2025-07-02T19:31:16.3448360-04:00" endTime="2025-07-02T19:31:16.3448360-04:00" testType="13cdc9d9-ddb5-4fa4-a97d-d965ccfc6d4b" outcome="Passed" testListId="8c84fa94-04c1-424b-9868-57a2d4851a1d" relativeResultsDirectory="4b830786-f19a-44a0-94f2-953444de79c5" />
    <UnitTestResult executionId="f0477604-25a8-4d99-a0cf-2d83e2b8d3c6" testId="6a05793c-7208-dc42-c529-8808625fd1b8" testName="Gp4Net.Tests.Domain.CardInfo.GlobalPlatformOidsTests.AnalyzeOids_ShouldHandleEmptyList" computerName="Mistials-New-MBP" duration="00:00:00.0008641" startTime="2025-07-02T19:31:16.3427480-04:00" endTime="2025-07-02T19:31:16.3427480-04:00" testType="13cdc9d9-ddb5-4fa4-a97d-d965ccfc6d4b" outcome="Passed" testListId="8c84fa94-04c1-424b-9868-57a2d4851a1d" relativeResultsDirectory="f0477604-25a8-4d99-a0cf-2d83e2b8d3c6" />
    <UnitTestResult executionId="d8959afb-f8eb-499b-b959-e1202f56b708" testId="4827bbb1-6ad4-275f-c5ad-0d2d661d036e" testName="RequireSecureChannel_AlreadyEstablished_ReturnsContext" computerName="Mistials-New-MBP" duration="00:00:00.0008340" startTime="2025-07-02T19:31:16.5637910-04:00" endTime="2025-07-02T19:31:16.5646250-04:00" testType="13cdc9d9-ddb5-4fa4-a97d-d965ccfc6d4b" outcome="Passed" testListId="8c84fa94-04c1-424b-9868-57a2d4851a1d" relativeResultsDirectory="d8959afb-f8eb-499b-b959-e1202f56b708" />
    <UnitTestResult executionId="668eeb08-55b3-416c-bd35-2586dd396888" testId="f8b16cee-cd52-dda7-b6a2-16495dc01104" testName="Constructor_DefaultConstructor_UsesDefaultFactory" computerName="Mistials-New-MBP" duration="00:00:00.0295670" startTime="2025-07-02T19:31:16.6536880-04:00" endTime="2025-07-02T19:31:16.6832550-04:00" testType="13cdc9d9-ddb5-4fa4-a97d-d965ccfc6d4b" outcome="Passed" testListId="8c84fa94-04c1-424b-9868-57a2d4851a1d" relativeResultsDirectory="668eeb08-55b3-416c-bd35-2586dd396888" />
    <UnitTestResult executionId="d159e1bf-6c0c-4709-b87e-819592a6e26b" testId="624c961e-cfe6-7a99-acc1-d66adbbeef39" testName="Gp4Net.Tests.Domain.Protocol.Scp03ProtocolTests.CreateExternalAuthenticateCommand_WithCMac_IncludesMac" computerName="Mistials-New-MBP" duration="00:00:00.0048344" startTime="2025-07-02T19:31:16.3442010-04:00" endTime="2025-07-02T19:31:16.3442010-04:00" testType="13cdc9d9-ddb5-4fa4-a97d-d965ccfc6d4b" outcome="Passed" testListId="8c84fa94-04c1-424b-9868-57a2d4851a1d" relativeResultsDirectory="d159e1bf-6c0c-4709-b87e-819592a6e26b" />
    <UnitTestResult executionId="7a1b129e-9a3c-42d7-a437-c1c646ac5eec" testId="a05082cd-caef-f7bf-8ea0-e87ae1ba3084" testName="Gp4Net.Tests.Core.Tlv.TlvParserTests.ParseAll_WithMultipleTlvObjects_ParsesAll" computerName="Mistials-New-MBP" duration="00:00:00.0067651" startTime="2025-07-02T19:31:16.3380630-04:00" endTime="2025-07-02T19:31:16.3380630-04:00" testType="13cdc9d9-ddb5-4fa4-a97d-d965ccfc6d4b" outcome="Passed" testListId="8c84fa94-04c1-424b-9868-57a2d4851a1d" relativeResultsDirectory="7a1b129e-9a3c-42d7-a437-c1c646ac5eec" />
    <UnitTestResult executionId="539c93fd-0754-47d7-beab-e29fb14f0eb6" testId="0d1de7ff-43eb-0e41-c127-5b8158d061d2" testName="Gp4Net.Tests.Integration.ScpConversionIntegrationTests.PutKey_WithAesKeys_InstallsSuccessfully" computerName="Mistials-New-MBP" duration="00:00:00.0009265" startTime="2025-07-02T19:31:16.3442450-04:00" endTime="2025-07-02T19:31:16.3442450-04:00" testType="13cdc9d9-ddb5-4fa4-a97d-d965ccfc6d4b" outcome="Passed" testListId="8c84fa94-04c1-424b-9868-57a2d4851a1d" relativeResultsDirectory="539c93fd-0754-47d7-beab-e29fb14f0eb6" />
    <UnitTestResult executionId="49b0d671-155c-4991-b3b0-483ae7f63ebc" testId="f199f05f-bf15-b025-3950-6260774c5a18" testName="Constructor_ValidParameters_CreatesInstance" computerName="Mistials-New-MBP" duration="00:00:00.0003890" startTime="2025-07-02T19:31:16.5091550-04:00" endTime="2025-07-02T19:31:16.5095440-04:00" testType="13cdc9d9-ddb5-4fa4-a97d-d965ccfc6d4b" outcome="Passed" testListId="8c84fa94-04c1-424b-9868-57a2d4851a1d" relativeResultsDirectory="49b0d671-155c-4991-b3b0-483ae7f63ebc" />
    <UnitTestResult executionId="44d76dc5-c47a-4acc-91d3-7ffddbf1dce6" testId="7f6b846c-9fa6-cd1d-76e2-560cbd3a0806" testName="IsConnected_ChannelConnectedWithNegotiableState_ReturnsTrue" computerName="Mistials-New-MBP" duration="00:00:00.0002730" startTime="2025-07-02T19:31:16.6903910-04:00" endTime="2025-07-02T19:31:16.6906640-04:00" testType="13cdc9d9-ddb5-4fa4-a97d-d965ccfc6d4b" outcome="Passed" testListId="8c84fa94-04c1-424b-9868-57a2d4851a1d" relativeResultsDirectory="44d76dc5-c47a-4acc-91d3-7ffddbf1dce6" />
    <UnitTestResult executionId="35c4bafc-d1b8-44e8-baf2-7ee78a34a925" testId="e58c7afb-87cc-add9-f055-da7737464257" testName="CreateFromCapFile_RespectsMaxBlockSize" computerName="Mistials-New-MBP" duration="00:00:00.0001399" startTime="2025-07-02T19:31:16.5108250-04:00" endTime="2025-07-02T19:31:16.5109640-04:00" testType="13cdc9d9-ddb5-4fa4-a97d-d965ccfc6d4b" outcome="Passed" testListId="8c84fa94-04c1-424b-9868-57a2d4851a1d" relativeResultsDirectory="35c4bafc-d1b8-44e8-baf2-7ee78a34a925" />
    <UnitTestResult executionId="ad5c0cd6-4623-4d94-a5e0-1f3f7ace446a" testId="5fe4a16b-c6f3-3218-d14f-d6f2f61a512e" testName="WithData_ByteArray_SetsData" computerName="Mistials-New-MBP" duration="00:00:00.0000580" startTime="2025-07-02T19:31:16.5168220-04:00" endTime="2025-07-02T19:31:16.5168800-04:00" testType="13cdc9d9-ddb5-4fa4-a97d-d965ccfc6d4b" outcome="Passed" testListId="8c84fa94-04c1-424b-9868-57a2d4851a1d" relativeResultsDirectory="ad5c0cd6-4623-4d94-a5e0-1f3f7ace446a" />
    <UnitTestResult executionId="dbb22a8d-3744-47af-a136-7112288acbba" testId="fd98e2ed-8a7d-8788-3543-cc021a18d08f" testName="Constructor_EmptyData_ThrowsArgumentException" computerName="Mistials-New-MBP" duration="00:00:00.0001800" startTime="2025-07-02T19:31:16.5083650-04:00" endTime="2025-07-02T19:31:16.5085460-04:00" testType="13cdc9d9-ddb5-4fa4-a97d-d965ccfc6d4b" outcome="Passed" testListId="8c84fa94-04c1-424b-9868-57a2d4851a1d" relativeResultsDirectory="dbb22a8d-3744-47af-a136-7112288acbba" />
    <UnitTestResult executionId="10e396b7-949c-41a1-8623-b2f606dae13d" testId="6b637079-4923-1290-7bcb-9035f3dfff1b" testName="AfterDispose_OperationsThrow" computerName="Mistials-New-MBP" duration="00:00:00.0011600" startTime="2025-07-02T19:31:16.5127570-04:00" endTime="2025-07-02T19:31:16.5139170-04:00" testType="13cdc9d9-ddb5-4fa4-a97d-d965ccfc6d4b" outcome="Passed" testListId="8c84fa94-04c1-424b-9868-57a2d4851a1d" relativeResultsDirectory="10e396b7-949c-41a1-8623-b2f606dae13d" />
    <UnitTestResult executionId="9d91fe2f-5d31-4065-be58-18a17596457c" testId="5dcbad21-c540-9c0d-977f-177cbf8e1aff" testName="ExecuteAsync_CardServiceException_ReturnsError" computerName="Mistials-New-MBP" duration="00:00:00.0149740" startTime="2025-07-02T19:31:16.5659290-04:00" endTime="2025-07-02T19:31:16.5809030-04:00" testType="13cdc9d9-ddb5-4fa4-a97d-d965ccfc6d4b" outcome="Failed" testListId="8c84fa94-04c1-424b-9868-57a2d4851a1d" relativeResultsDirectory="9d91fe2f-5d31-4065-be58-18a17596457c">
      <Output>
        <ErrorInfo>
          <Message>System.InvalidOperationException : Test exception</Message>
          <StackTrace>   at Moq.Behaviors.ThrowException.Execute(Invocation invocation) in /_/src/Moq/Behaviors/ThrowException.cs:line 22
   at Moq.MethodCall.ExecuteCore(Invocation invocation) in /_/src/Moq/MethodCall.cs:line 109
   at Moq.Setup.Execute(Invocation invocation) in /_/src/Moq/Setup.cs:line 84
   at Moq.FindAndExecuteMatchingSetup.Handle(Invocation invocation, Mock mock) in /_/src/Moq/Interception/InterceptionAspects.cs:line 95
   at Moq.Mock.Moq.IInterceptor.Intercept(Invocation invocation) in /_/src/Moq/Interception/Mock.cs:line 17
   at Moq.CastleProxyFactory.Interceptor.Intercept(IInvocation underlying) in /_/src/Moq/Interception/CastleProxyFactory.cs:line 107
   at Castle.DynamicProxy.AbstractInvocation.Proceed()
   at Castle.Proxies.ICardServiceProxy.GetAtr()
   at Gp4Net.Tool.Commands.Card.InfoCommand.&lt;ExecuteAsync&gt;b__1_0(ICommandContext ctx) in /_/src/Gp4Net.Tool/Commands/Card/InfoCommand.cs:line 43
   at Gp4Net.Tool.Pipeline.MockCommandContext.ExecuteAsync(Func`2 commandLogic) in /_/src/Gp4Net.Tool/Pipeline/MockCommandContext.cs:line 88
   at Gp4Net.Tool.Commands.Card.InfoCommand.ExecuteAsync(ICommandContext context, Settings settings) in /_/src/Gp4Net.Tool/Commands/Card/InfoCommand.cs:line 34
   at Gp4Net.Tests.Tool.Commands.Card.InfoCommandTests.ExecuteAsync_CardServiceException_ReturnsError() in /_/tests/Gp4Net.Tests/Tool/Commands/Card/InfoCommandTests.cs:line 78
   at NUnit.Framework.Internal.TaskAwaitAdapter.GenericAdapter`1.BlockUntilCompleted()
   at NUnit.Framework.Internal.MessagePumpStrategy.NoMessagePumpStrategy.WaitForCompletion(AwaitAdapter awaiter)
   at NUnit.Framework.Internal.AsyncToSyncAdapter.Await[TResult](TestExecutionContext context, Func`1 invoke)
   at NUnit.Framework.Internal.AsyncToSyncAdapter.Await(TestExecutionContext context, Func`1 invoke)
   at NUnit.Framework.Internal.Commands.TestMethodCommand.RunTestMethod(TestExecutionContext context)
   at NUnit.Framework.Internal.Commands.TestMethodCommand.Execute(TestExecutionContext context)
   at NUnit.Framework.Internal.Commands.BeforeAndAfterTestCommand.&lt;&gt;c__DisplayClass1_0.&lt;Execute&gt;b__0()
   at NUnit.Framework.Internal.Commands.DelegatingTestCommand.RunTestMethodInThreadAbortSafeZone(TestExecutionContext context, Action action)
</StackTrace>
        </ErrorInfo>
      </Output>
    </UnitTestResult>
    <UnitTestResult executionId="2da88a73-fe9f-4515-98fb-e04ba7e8dac3" testId="8d0a9f6b-0ec9-256c-be40-8ea181bc4ba1" testName="ToApdu_LargeTotalSize_UsesMultiByteLengthEncoding" computerName="Mistials-New-MBP" duration="00:00:00.0000900" startTime="2025-07-02T19:31:16.5124380-04:00" endTime="2025-07-02T19:31:16.5125280-04:00" testType="13cdc9d9-ddb5-4fa4-a97d-d965ccfc6d4b" outcome="Passed" testListId="8c84fa94-04c1-424b-9868-57a2d4851a1d" relativeResultsDirectory="2da88a73-fe9f-4515-98fb-e04ba7e8dac3" />
    <UnitTestResult executionId="6a1939d8-8e31-4798-b6c3-ec74a6472d98" testId="053c2b2e-1b2c-6cab-83f6-285986fd311a" testName="ToApdu_FirstBlock_IncludesTlvHeader" computerName="Mistials-New-MBP" duration="00:00:00.0001299" startTime="2025-07-02T19:31:16.5122230-04:00" endTime="2025-07-02T19:31:16.5123520-04:00" testType="13cdc9d9-ddb5-4fa4-a97d-d965ccfc6d4b" outcome="Passed" testListId="8c84fa94-04c1-424b-9868-57a2d4851a1d" relativeResultsDirectory="6a1939d8-8e31-4798-b6c3-ec74a6472d98" />
    <UnitTestResult executionId="a233b52b-4aa1-4b48-abb7-96e0c6a98544" testId="af7032d3-b890-33c0-5c6a-948cb4fc1458" testName="Derive3DesKey_NullSequenceCounter_ThrowsArgumentNullException" computerName="Mistials-New-MBP" duration="00:00:00.0000649" startTime="2025-07-02T19:31:16.4951920-04:00" endTime="2025-07-02T19:31:16.4952570-04:00" testType="13cdc9d9-ddb5-4fa4-a97d-d965ccfc6d4b" outcome="Passed" testListId="8c84fa94-04c1-424b-9868-57a2d4851a1d" relativeResultsDirectory="a233b52b-4aa1-4b48-abb7-96e0c6a98544" />
    <UnitTestResult executionId="ea193ca1-c4d4-4af1-903c-7d4a7c72ed12" testId="2bdb83f3-c803-c844-b318-58a23373f663" testName="Derive3DesKey_ValidInputs24ByteKey3ByteCounter_ReturnsExpectedResult" computerName="Mistials-New-MBP" duration="00:00:00.0000680" startTime="2025-07-02T19:31:16.4956290-04:00" endTime="2025-07-02T19:31:16.4956970-04:00" testType="13cdc9d9-ddb5-4fa4-a97d-d965ccfc6d4b" outcome="Passed" testListId="8c84fa94-04c1-424b-9868-57a2d4851a1d" relativeResultsDirectory="ea193ca1-c4d4-4af1-903c-7d4a7c72ed12" />
    <UnitTestResult executionId="4ab4115b-056c-453a-975f-6abc597c78ed" testId="5a654f26-f235-35c4-2b36-0c507625c314" testName="DeriveScp03SessionKeys_DifferentKeyLengths_ProducesCorrectLengthKeys" computerName="Mistials-New-MBP" duration="00:00:00.0002820" startTime="2025-07-02T19:31:16.4976930-04:00" endTime="2025-07-02T19:31:16.4979750-04:00" testType="13cdc9d9-ddb5-4fa4-a97d-d965ccfc6d4b" outcome="Passed" testListId="8c84fa94-04c1-424b-9868-57a2d4851a1d" relativeResultsDirectory="4ab4115b-056c-453a-975f-6abc597c78ed" />
    <UnitTestResult executionId="773ac7bc-23a7-44f0-b349-f56e31e6cc0a" testId="64f61839-db4e-c3d7-8419-f0afcbab3872" testName="SendCommand_NotConnected_ThrowsInvalidOperationException" computerName="Mistials-New-MBP" duration="00:00:00.0002740" startTime="2025-07-02T19:31:16.6951420-04:00" endTime="2025-07-02T19:31:16.6954150-04:00" testType="13cdc9d9-ddb5-4fa4-a97d-d965ccfc6d4b" outcome="Passed" testListId="8c84fa94-04c1-424b-9868-57a2d4851a1d" relativeResultsDirectory="773ac7bc-23a7-44f0-b349-f56e31e6cc0a" />
    <UnitTestResult executionId="9570eda0-0bb9-41f9-8f27-5fbcba7a98f3" testId="210fe091-60c8-681d-ae1d-fd857b43f301" testName="GetReaders_Success_ReturnsReaderList" computerName="Mistials-New-MBP" duration="00:00:00.0004040" startTime="2025-07-02T19:31:16.6899730-04:00" endTime="2025-07-02T19:31:16.6903780-04:00" testType="13cdc9d9-ddb5-4fa4-a97d-d965ccfc6d4b" outcome="Passed" testListId="8c84fa94-04c1-424b-9868-57a2d4851a1d" relativeResultsDirectory="9570eda0-0bb9-41f9-8f27-5fbcba7a98f3" />
    <UnitTestResult executionId="4095094a-e900-4e59-8b70-594338a05671" testId="986a7ac4-1cd8-438d-146e-05ce49cd0209" testName="Dispose_Connected_DisconnectsAndDisposesContext" computerName="Mistials-New-MBP" duration="00:00:00.0003980" startTime="2025-07-02T19:31:16.6868570-04:00" endTime="2025-07-02T19:31:16.6872550-04:00" testType="13cdc9d9-ddb5-4fa4-a97d-d965ccfc6d4b" outcome="Passed" testListId="8c84fa94-04c1-424b-9868-57a2d4851a1d" relativeResultsDirectory="4095094a-e900-4e59-8b70-594338a05671" />
    <UnitTestResult executionId="bcaad131-34fa-41a9-9e7e-52ba716d987f" testId="c02049c4-bac2-0a8a-cf93-3b3ffd44e890" testName="Gp4Net.Tests.Core.Tlv.TlvParserTests.FindByTag_WithSingleByteTag_FindsCorrectObject" computerName="Mistials-New-MBP" duration="00:00:00.0000771" startTime="2025-07-02T19:31:16.3417660-04:00" endTime="2025-07-02T19:31:16.3417660-04:00" testType="13cdc9d9-ddb5-4fa4-a97d-d965ccfc6d4b" outcome="Passed" testListId="8c84fa94-04c1-424b-9868-57a2d4851a1d" relativeResultsDirectory="bcaad131-34fa-41a9-9e7e-52ba716d987f" />
    <UnitTestResult executionId="e527fede-1264-47e6-bdd5-63c57bd383ed" testId="4ba10c50-8080-425e-56df-07ddee097273" testName="Gp4Net.Tests.Core.Tlv.TlvParserTests.ParseSingle_WithInvalidFormats_ReturnsNull(data: [128], expected: null)" computerName="Mistials-New-MBP" duration="00:00:00.0000009" startTime="2025-07-02T19:31:16.3354990-04:00" endTime="2025-07-02T19:31:16.3354990-04:00" testType="13cdc9d9-ddb5-4fa4-a97d-d965ccfc6d4b" outcome="Passed" testListId="8c84fa94-04c1-424b-9868-57a2d4851a1d" relativeResultsDirectory="e527fede-1264-47e6-bdd5-63c57bd383ed" />
    <UnitTestResult executionId="703f4246-b645-4d3c-ab43-ee00f8141f64" testId="e3bb7f67-cd2c-60cc-e71f-f8bd37081370" testName="Gp4Net.Tests.Core.Tlv.TlvParserTests.TlvObject_GetValueAsNumber_ConvertsCorrectly" computerName="Mistials-New-MBP" duration="00:00:00.0001981" startTime="2025-07-02T19:31:16.3410440-04:00" endTime="2025-07-02T19:31:16.3410440-04:00" testType="13cdc9d9-ddb5-4fa4-a97d-d965ccfc6d4b" outcome="Passed" testListId="8c84fa94-04c1-424b-9868-57a2d4851a1d" relativeResultsDirectory="703f4246-b645-4d3c-ab43-ee00f8141f64" />
    <UnitTestResult executionId="3b5a976a-a387-416b-95c4-b25a41564e51" testId="c3ea6d88-57b7-aab6-6303-9a10b08c5443" testName="Constructor_WithValidKeys_CreatesInstance" computerName="Mistials-New-MBP" duration="00:00:00.0000440" startTime="2025-07-02T19:31:16.5142390-04:00" endTime="2025-07-02T19:31:16.5142820-04:00" testType="13cdc9d9-ddb5-4fa4-a97d-d965ccfc6d4b" outcome="Passed" testListId="8c84fa94-04c1-424b-9868-57a2d4851a1d" relativeResultsDirectory="3b5a976a-a387-416b-95c4-b25a41564e51" />
    <UnitTestResult executionId="e1e42e6c-b2c9-40a2-b4fb-a803a4e5b62d" testId="22e01179-35ec-7464-bf91-6b93bacecd66" testName="Build_DefaultValues_CreatesSuccessResponse" computerName="Mistials-New-MBP" duration="00:00:00.0004630" startTime="2025-07-02T19:31:16.5160310-04:00" endTime="2025-07-02T19:31:16.5164940-04:00" testType="13cdc9d9-ddb5-4fa4-a97d-d965ccfc6d4b" outcome="Passed" testListId="8c84fa94-04c1-424b-9868-57a2d4851a1d" relativeResultsDirectory="e1e42e6c-b2c9-40a2-b4fb-a803a4e5b62d" />
    <UnitTestResult executionId="c7da827d-45eb-474b-a42d-7b3d89160505" testId="039ed9ec-a965-cb86-7b1f-6b2ae6f76bf2" testName="Gp4Net.Tests.Domain.CardInfo.KeyInformationTemplateTests.Parse_RealWorldExample_ParsesCorrectly" computerName="Mistials-New-MBP" duration="00:00:00.0008257" startTime="2025-07-02T19:31:16.3442760-04:00" endTime="2025-07-02T19:31:16.3442760-04:00" testType="13cdc9d9-ddb5-4fa4-a97d-d965ccfc6d4b" outcome="Passed" testListId="8c84fa94-04c1-424b-9868-57a2d4851a1d" relativeResultsDirectory="c7da827d-45eb-474b-a42d-7b3d89160505" />
    <UnitTestResult executionId="d769fd18-e76b-4ebb-9fb7-2ceb85d9abaf" testId="b1e574e7-65dc-d599-2a5f-b6f1e488ed6a" testName="Gp4Net.Tests.Domain.Protocol.Scp03ProtocolTests.Constructor_WithInvalidImplementation_ThrowsArgumentException(implementation: 128)" computerName="Mistials-New-MBP" duration="00:00:00.0008922" startTime="2025-07-02T19:31:16.3383220-04:00" endTime="2025-07-02T19:31:16.3383220-04:00" testType="13cdc9d9-ddb5-4fa4-a97d-d965ccfc6d4b" outcome="Passed" testListId="8c84fa94-04c1-424b-9868-57a2d4851a1d" relativeResultsDirectory="d769fd18-e76b-4ebb-9fb7-2ceb85d9abaf" />
    <UnitTestResult executionId="b60b9a04-ee0d-42c2-be45-aa45c290d2f8" testId="0c599f8b-939a-37ec-b28e-b3b530bff974" testName="Constructor_NullData_ThrowsArgumentNullException" computerName="Mistials-New-MBP" duration="00:00:00.0000730" startTime="2025-07-02T19:31:16.5090790-04:00" endTime="2025-07-02T19:31:16.5091530-04:00" testType="13cdc9d9-ddb5-4fa4-a97d-d965ccfc6d4b" outcome="Passed" testListId="8c84fa94-04c1-424b-9868-57a2d4851a1d" relativeResultsDirectory="b60b9a04-ee0d-42c2-be45-aa45c290d2f8" />
    <UnitTestResult executionId="a3b83453-68f8-4097-8720-c9015b50b9d0" testId="bd78cd69-20e8-805d-6417-9ba9ed5348e2" testName="Gp4Net.Tests.Core.Tlv.TlvParserTests.ParseSingle_WithEmptyValue_ParsesCorrectly" computerName="Mistials-New-MBP" duration="00:00:00.0000621" startTime="2025-07-02T19:31:16.3406710-04:00" endTime="2025-07-02T19:31:16.3406710-04:00" testType="13cdc9d9-ddb5-4fa4-a97d-d965ccfc6d4b" outcome="Passed" testListId="8c84fa94-04c1-424b-9868-57a2d4851a1d" relativeResultsDirectory="a3b83453-68f8-4097-8720-c9015b50b9d0" />
    <UnitTestResult executionId="8a1ebd09-a8cb-45e9-b7af-6ca23f62a7b0" testId="5587b6e7-f2f1-f69d-00be-5747fdd3824c" testName="Derive3DesKey_16ByteKeyResult_FirstAndSecondHalfEqual" computerName="Mistials-New-MBP" duration="00:00:00.0076730" startTime="2025-07-02T19:31:16.4829970-04:00" endTime="2025-07-02T19:31:16.4906480-04:00" testType="13cdc9d9-ddb5-4fa4-a97d-d965ccfc6d4b" outcome="Passed" testListId="8c84fa94-04c1-424b-9868-57a2d4851a1d" relativeResultsDirectory="8a1ebd09-a8cb-45e9-b7af-6ca23f62a7b0" />
    <UnitTestResult executionId="f03617b4-e531-43cc-9b64-fb032913c4e0" testId="eb5d50e5-3402-6892-1529-69de40db084d" testName="Gp4Net.Tests.Domain.Protocol.Scp03ProtocolTests.Constructor_WithInvalidImplementation_ThrowsArgumentException(implementation: 64)" computerName="Mistials-New-MBP" duration="00:00:00.0000219" startTime="2025-07-02T19:31:16.3386720-04:00" endTime="2025-07-02T19:31:16.3386720-04:00" testType="13cdc9d9-ddb5-4fa4-a97d-d965ccfc6d4b" outcome="Passed" testListId="8c84fa94-04c1-424b-9868-57a2d4851a1d" relativeResultsDirectory="f03617b4-e531-43cc-9b64-fb032913c4e0" />
    <UnitTestResult executionId="d0a8e165-4e65-403e-900a-74919be30ee0" testId="e09186ff-284d-668d-713a-f5223614ff9b" testName="Gp4Net.Tests.Integration.TraceBasedSecureChannelTests.Can_Resolve_GP_Test_Keys_Without_Diversification" computerName="Mistials-New-MBP" duration="00:00:00.0885161" startTime="2025-07-02T19:31:16.4052740-04:00" endTime="2025-07-02T19:31:16.4052740-04:00" testType="13cdc9d9-ddb5-4fa4-a97d-d965ccfc6d4b" outcome="Passed" testListId="8c84fa94-04c1-424b-9868-57a2d4851a1d" relativeResultsDirectory="d0a8e165-4e65-403e-900a-74919be30ee0" />
    <UnitTestResult executionId="3e485d2c-9628-4fb1-b154-a129f7bcaf0e" testId="aeb8e83a-334f-d60e-8a01-b4f00ca5547a" testName="CreateFromCapFile_EmptyData_ThrowsArgumentException" computerName="Mistials-New-MBP" duration="00:00:00.0000810" startTime="2025-07-02T19:31:16.5095490-04:00" endTime="2025-07-02T19:31:16.5096300-04:00" testType="13cdc9d9-ddb5-4fa4-a97d-d965ccfc6d4b" outcome="Passed" testListId="8c84fa94-04c1-424b-9868-57a2d4851a1d" relativeResultsDirectory="3e485d2c-9628-4fb1-b154-a129f7bcaf0e" />
    <UnitTestResult executionId="7c268782-820c-449e-b0e6-6884a8cdb053" testId="2dd180a7-5398-8cc5-1a6d-ed417218f367" testName="Constructor_FinalBlock_SetsFinalType" computerName="Mistials-New-MBP" duration="00:00:00.0003289" startTime="2025-07-02T19:31:16.5085490-04:00" endTime="2025-07-02T19:31:16.5088780-04:00" testType="13cdc9d9-ddb5-4fa4-a97d-d965ccfc6d4b" outcome="Passed" testListId="8c84fa94-04c1-424b-9868-57a2d4851a1d" relativeResultsDirectory="7c268782-820c-449e-b0e6-6884a8cdb053" />
    <UnitTestResult executionId="259efbe8-cd44-428c-a2da-b1340d9c1c54" testId="e0fe2620-9969-0bd6-9380-a59ddcca2966" testName="SendCommand_NullCommand_ThrowsArgumentNullException" computerName="Mistials-New-MBP" duration="00:00:00.0001340" startTime="2025-07-02T19:31:16.6954340-04:00" endTime="2025-07-02T19:31:16.6955680-04:00" testType="13cdc9d9-ddb5-4fa4-a97d-d965ccfc6d4b" outcome="Passed" testListId="8c84fa94-04c1-424b-9868-57a2d4851a1d" relativeResultsDirectory="259efbe8-cd44-428c-a2da-b1340d9c1c54" />
    <UnitTestResult executionId="185550f7-9e9f-4175-8d4c-22b4c07de4f6" testId="02adfa84-67bb-9f03-17ab-19b9a2fa4e48" testName="Gp4Net.Tests.Domain.Commands.StoreDataCommandTests.CreateScpEnableCommand_WithMultipleImplementations_CreatesCorrectCommand" computerName="Mistials-New-MBP" duration="00:00:00.0001057" startTime="2025-07-02T19:31:16.3384810-04:00" endTime="2025-07-02T19:31:16.3384810-04:00" testType="13cdc9d9-ddb5-4fa4-a97d-d965ccfc6d4b" outcome="Passed" testListId="8c84fa94-04c1-424b-9868-57a2d4851a1d" relativeResultsDirectory="185550f7-9e9f-4175-8d4c-22b4c07de4f6" />
    <UnitTestResult executionId="ba472f08-763a-4682-95ef-189c6d6d5818" testId="aa621442-d1e7-f021-ccb3-c2ade74da77e" testName="ExecuteAsync_WithException_ReturnsErrorCode" computerName="Mistials-New-MBP" duration="00:00:00.0258960" startTime="2025-07-02T19:31:16.5313150-04:00" endTime="2025-07-02T19:31:16.5572080-04:00" testType="13cdc9d9-ddb5-4fa4-a97d-d965ccfc6d4b" outcome="Passed" testListId="8c84fa94-04c1-424b-9868-57a2d4851a1d" relativeResultsDirectory="ba472f08-763a-4682-95ef-189c6d6d5818" />
    <UnitTestResult executionId="5e3474ef-e4c6-45a3-b829-77a06e9c9610" testId="37b8c937-f03e-2215-e879-792dffe3c038" testName="Gp4Net.Tests.Domain.Commands.SelectCommandAutoDetectionTests.SelectCommand_AllowsEmptyAid" computerName="Mistials-New-MBP" duration="00:00:00.0002166" startTime="2025-07-02T19:31:16.3441540-04:00" endTime="2025-07-02T19:31:16.3441540-04:00" testType="13cdc9d9-ddb5-4fa4-a97d-d965ccfc6d4b" outcome="Passed" testListId="8c84fa94-04c1-424b-9868-57a2d4851a1d" relativeResultsDirectory="5e3474ef-e4c6-45a3-b829-77a06e9c9610" />
[...]
    <TestEntry testId="37aa1537-75bb-1856-3d1f-6c17bce1b954" executionId="670a791a-1758-4200-9e8a-4250016d2776" testListId="8c84fa94-04c1-424b-9868-57a2d4851a1d" />
    <TestEntry testId="734d3ee3-905c-f63f-5c03-bf26f41148fb" executionId="ffedc015-723e-448e-86cc-ef718a360cc9" testListId="8c84fa94-04c1-424b-9868-57a2d4851a1d" />
    <TestEntry testId="fe6d85da-47d7-9d30-4b73-325e0b87b1ff" executionId="2c2d0db2-ae26-4661-bd45-8ec833cc1a5c" testListId="8c84fa94-04c1-424b-9868-57a2d4851a1d" />
    <TestEntry testId="5e3a97fa-2631-9e1f-026f-91bf6eee9cc8" executionId="79794e75-b86c-42c9-9e77-eca5eab60979" testListId="8c84fa94-04c1-424b-9868-57a2d4851a1d" />
    <TestEntry testId="4af3ab1b-2fb8-25e1-fa80-977749ba9ad3" executionId="d0e5f1c7-a9fb-41d0-b556-c6085560037d" testListId="8c84fa94-04c1-424b-9868-57a2d4851a1d" />
    <TestEntry testId="b6cb19dd-4f0a-e342-3cf3-21ccf46a42c9" executionId="33f7c185-efbd-4522-8bc3-043c08231ed5" testListId="8c84fa94-04c1-424b-9868-57a2d4851a1d" />
    <TestEntry testId="d06874b9-97c3-898b-3d3d-9bd7b87e1850" executionId="761dc595-d801-420b-b5fb-e84651c40352" testListId="8c84fa94-04c1-424b-9868-57a2d4851a1d" />
    <TestEntry testId="9825c5dc-821b-9322-280c-07071c4052b9" executionId="e77eb850-76a2-42c3-a746-080cf5d28fd2" testListId="8c84fa94-04c1-424b-9868-57a2d4851a1d" />
    <TestEntry testId="a0e5295a-cd10-cc0f-78c0-d20f5e1ee67e" executionId="c8d073c4-0fb8-43a5-a2ae-e9b928d891e4" testListId="8c84fa94-04c1-424b-9868-57a2d4851a1d" />
    <TestEntry testId="88159e35-300c-11d3-9626-c5f95e944f1c" executionId="b0c078c2-e4c0-48cc-b948-f178beae9c46" testListId="8c84fa94-04c1-424b-9868-57a2d4851a1d" />
    <TestEntry testId="69956d86-1979-1bc6-2855-747f5dbd3c43" executionId="0cf5269a-c776-4a7c-9d24-b7bf48b21e72" testListId="8c84fa94-04c1-424b-9868-57a2d4851a1d" />
    <TestEntry testId="be78b90a-4a74-19a8-81e9-b14dcfe5c285" executionId="6329ac83-08cc-4ba2-b009-1344926fa77d" testListId="8c84fa94-04c1-424b-9868-57a2d4851a1d" />
    <TestEntry testId="c2ef3874-5087-faa9-29f3-963f15be73d7" executionId="7687e547-4943-44d3-965a-5a3c6bc2ef40" testListId="8c84fa94-04c1-424b-9868-57a2d4851a1d" />
    <TestEntry testId="4795d6a4-e745-de03-5d9c-a6429c10f7da" executionId="248712ec-a478-4b90-bdb4-b41191b44174" testListId="8c84fa94-04c1-424b-9868-57a2d4851a1d" />
    <TestEntry testId="155cfec1-ed53-099b-7262-8721e2a4a2eb" executionId="75a2ef9c-91e5-41c4-ba7c-d38143337386" testListId="8c84fa94-04c1-424b-9868-57a2d4851a1d" />
    <TestEntry testId="b82a99f4-f7c7-d6dc-53d2-f14324d3c8a2" executionId="fa72fe18-400d-4420-8cfc-2224d08617be" testListId="8c84fa94-04c1-424b-9868-57a2d4851a1d" />
    <TestEntry testId="64526bb6-13dc-a9ee-9678-e4bc14ddcae0" executionId="a3073802-b117-4a6d-bb07-0e9531bca97f" testListId="8c84fa94-04c1-424b-9868-57a2d4851a1d" />
    <TestEntry testId="08c578b7-658a-34bb-951c-aad5ca255698" executionId="713002c6-0728-4a0a-9661-8c6d6ba38d08" testListId="8c84fa94-04c1-424b-9868-57a2d4851a1d" />
    <TestEntry testId="4525face-10f3-87e2-5e87-35e752434faf" executionId="c0c1dd33-55c0-4551-880b-183f8e6664b5" testListId="8c84fa94-04c1-424b-9868-57a2d4851a1d" />
    <TestEntry testId="6d843585-9c57-5e91-e379-79eb7cc4e3a3" executionId="3180a61a-c9aa-417e-9f3a-5313aa9714cf" testListId="8c84fa94-04c1-424b-9868-57a2d4851a1d" />
    <TestEntry testId="e5361092-9d48-a4f0-4b3f-16cb4a6a74f4" executionId="a17cd542-c1d4-4271-8263-ed97553954b4" testListId="8c84fa94-04c1-424b-9868-57a2d4851a1d" />
    <TestEntry testId="1e5e54a8-f282-7f2e-f14d-0a6e66cf791b" executionId="4a0ce3dd-2af2-4610-a04a-8aaea94d9be1" testListId="8c84fa94-04c1-424b-9868-57a2d4851a1d" />
    <TestEntry testId="2fa2c479-0201-b10d-0fec-d7d890407a27" executionId="3fcfe1c8-ae5a-40d3-a275-80731c509b2e" testListId="8c84fa94-04c1-424b-9868-57a2d4851a1d" />
    <TestEntry testId="0ec34247-ae03-916d-8fc3-1d7214430368" executionId="f9e4cf0d-d7db-446b-8631-be1e444acc06" testListId="8c84fa94-04c1-424b-9868-57a2d4851a1d" />
    <TestEntry testId="a3b9645f-bfc5-d9b6-db0c-d48c1c8ab004" executionId="5522d651-4871-49ac-8262-8b4049b58d3d" testListId="8c84fa94-04c1-424b-9868-57a2d4851a1d" />
  </TestEntries>
  <TestLists>
    <TestList name="Results Not in a List" id="8c84fa94-04c1-424b-9868-57a2d4851a1d" />
    <TestList name="All Loaded Results" id="19431567-8539-422a-85d7-44ee4e166bda" />
  </TestLists>
  <ResultSummary outcome="Failed">
    <Counters total="260" executed="260" passed="252" failed="8" error="0" timeout="0" aborted="0" inconclusive="0" passedButRunAborted="0" notRunnable="0" notExecuted="0" disconnected="0" warning="0" completed="0" inProgress="0" pending="0" />
    <Output>
      <StdOut>[xUnit.net 00:00:00.00] xUnit.net VSTest Adapter v2.8.2+699d445a1a (64-bit .NET 8.0.5)
[xUnit.net 00:00:00.61]   Discovering: Gp4Net.Tests
[xUnit.net 00:00:01.11]   Discovered:  Gp4Net.Tests
[xUnit.net 00:00:01.11]   Starting:    Gp4Net.Tests
ProcessStoreData called: P1=0x80, DataLen=16
ProcessStoreDataDgi called with 16 bytes: DF2B0D10570A03700000000000000000
Processing at offset 0, remaining 16 bytes
Found SET CONFIG ITEM (DF2B)
Length: 13, offset now 3
ProcessSetConfigItem: offset=3, length=13
Tag: 0x1057, DataLength: 10
ProcessStoreData called: P1=0x80, DataLen=4
ProcessStoreDataDgi called with 4 bytes: 7F0D0101
Processing at offset 0, remaining 4 bytes
ProcessStoreData called: P1=0x80, DataLen=16
ProcessStoreDataDgi called with 16 bytes: DF2B0D10570A02150370000000000000
Processing at offset 0, remaining 16 bytes
Found SET CONFIG ITEM (DF2B)
Length: 13, offset now 3
ProcessSetConfigItem: offset=3, length=13
Tag: 0x1057, DataLength: 10
[xUnit.net 00:00:01.22]   Finished:    Gp4Net.Tests
NUnit Adapter 4.6.0.0: Test execution started
Running all tests in /Users/mistial/Research/Gp4Net/tests/Gp4Net.Tests/bin/Debug/net8.0/Gp4Net.Tests.dll
   NUnit3TestExecutor discovered 150 of 150 NUnit test cases using Current Discovery mode, Non-Explicit run
TestScp03KdfVectors_AllVectors_ProduceExpectedOutput: Validated 6 test vectors: Our KDF implementation produces consistent, deterministic output. While the exact values differ from the reference vectors (likely due to library-specific implementation details), our GlobalPlatform SCP03 implementation follows the GP specification.
\u001b[38;5;2m┌─\u001b[0m\u001b[1;38;5;2mCard Information\u001b[0m\u001b[38;5;2m───────────────────────────────────┐\u001b[0m
\u001b[38;5;2m│\u001b[0m ┌──────────────────────┬─────────────────────────┐ \u001b[38;5;2m│\u001b[0m
\u001b[38;5;2m│\u001b[0m │ Property             │ Value                   │ \u001b[38;5;2m│\u001b[0m
\u001b[38;5;2m│\u001b[0m ├──────────────────────┼─────────────────────────┤ \u001b[38;5;2m│\u001b[0m
\u001b[38;5;2m│\u001b[0m │ ATR                  │ \u001b[2m3B00\u001b[0m                    │ \u001b[38;5;2m│\u001b[0m
\u001b[38;5;2m│\u001b[0m │ Connection Status    │ \u001b[38;5;2m✓ Connected\u001b[0m             │ \u001b[38;5;2m│\u001b[0m
\u001b[38;5;2m│\u001b[0m │ Secure Channel       │ \u001b[38;5;11m✗ Not established\u001b[0m       │ \u001b[38;5;2m│\u001b[0m
\u001b[38;5;2m│\u001b[0m │ ISD Status           │ \u001b[38;5;2m✓ Available\u001b[0m             │ \u001b[38;5;2m│\u001b[0m
\u001b[38;5;2m│\u001b[0m │ CPLC Data            │ \u001b[38;5;9mNot available\u001b[0m           │ \u001b[38;5;2m│\u001b[0m
\u001b[38;5;2m│\u001b[0m │ Card Data            │ \u001b[2mNot supported\u001b[0m           │ \u001b[38;5;2m│\u001b[0m
\u001b[38;5;2m│\u001b[0m │ Card Capabilities    │ \u001b[2mNot supported\u001b[0m           │ \u001b[38;5;2m│\u001b[0m
\u001b[38;5;2m│\u001b[0m │ Key Info Template    │ \u001b[2mNot supported\u001b[0m           │ \u001b[38;5;2m│\u001b[0m
\u001b[38;5;2m│\u001b[0m │ Diversification Data │ \u001b[2mNot supported\u001b[0m           │ \u001b[38;5;2m│\u001b[0m
\u001b[38;5;2m│\u001b[0m │ Applications         │ \u001b[38;5;11mRequires secure channel\u001b[0m │ \u001b[38;5;2m│\u001b[0m
\u001b[38;5;2m│\u001b[0m └──────────────────────┴─────────────────────────┘ \u001b[38;5;2m│\u001b[0m
\u001b[38;5;2m└────────────────────────────────────────────────────┘\u001b[0m

\u001b[38;5;11m\ud83d\udca1 Tip: More information is available with a secure channel.\u001b[0m
\u001b[2mTry: gp4net card info --keyset &lt;KEYSET_NAME&gt;\u001b[0m

\u001b[38;5;2m┌─\u001b[0m\u001b[1;38;5;2mCard Information\u001b[0m\u001b[38;5;2m───────────────────────────────────┐\u001b[0m
\u001b[38;5;2m│\u001b[0m ┌──────────────────────┬─────────────────────────┐ \u001b[38;5;2m│\u001b[0m
\u001b[38;5;2m│\u001b[0m │ Property             │ Value                   │ \u001b[38;5;2m│\u001b[0m
\u001b[38;5;2m│\u001b[0m ├──────────────────────┼─────────────────────────┤ \u001b[38;5;2m│\u001b[0m
\u001b[38;5;2m│\u001b[0m │ ATR                  │ \u001b[2m3B00\u001b[0m                    │ \u001b[38;5;2m│\u001b[0m
\u001b[38;5;2m│\u001b[0m │ Connection Status    │ \u001b[38;5;2m✓ Connected\u001b[0m             │ \u001b[38;5;2m│\u001b[0m
\u001b[38;5;2m│\u001b[0m │ Secure Channel       │ \u001b[38;5;11m✗ Not established\u001b[0m       │ \u001b[38;5;2m│\u001b[0m
\u001b[38;5;2m│\u001b[0m │ ISD Status           │ \u001b[38;5;2m✓ Available\u001b[0m             │ \u001b[38;5;2m│\u001b[0m
\u001b[38;5;2m│\u001b[0m │ Card Data            │ \u001b[2mNot supported\u001b[0m           │ \u001b[38;5;2m│\u001b[0m
\u001b[38;5;2m│\u001b[0m │ Card Capabilities    │ \u001b[2mNot supported\u001b[0m           │ \u001b[38;5;2m│\u001b[0m
\u001b[38;5;2m│\u001b[0m │ Key Info Template    │ \u001b[2mNot supported\u001b[0m           │ \u001b[38;5;2m│\u001b[0m
\u001b[38;5;2m│\u001b[0m │ Diversification Data │ \u001b[2mNot supported\u001b[0m           │ \u001b[38;5;2m│\u001b[0m
\u001b[38;5;2m│\u001b[0m │ Applications         │ \u001b[38;5;11mRequires secure channel\u001b[0m │ \u001b[38;5;2m│\u001b[0m
\u001b[38;5;2m│\u001b[0m └──────────────────────┴─────────────────────────┘ \u001b[38;5;2m│\u001b[0m
\u001b[38;5;2m└────────────────────────────────────────────────────┘\u001b[0m

\u001b[38;5;11m\ud83d\udca1 Tip: More information is available with a secure channel.\u001b[0m
\u001b[2mTry: gp4net card info --keyset &lt;KEYSET_NAME&gt;\u001b[0m

\u001b[38;5;2m┌─\u001b[0m\u001b[1;38;5;2mCard Information\u001b[0m\u001b[38;5;2m───────────────────────────┐\u001b[0m
\u001b[38;5;2m│\u001b[0m ┌───────────────────┬────────────────────┐ \u001b[38;5;2m│\u001b[0m
\u001b[38;5;2m│\u001b[0m │ Property          │ Value              │ \u001b[38;5;2m│\u001b[0m
\u001b[38;5;2m│\u001b[0m ├───────────────────┼────────────────────┤ \u001b[38;5;2m│\u001b[0m
\u001b[38;5;2m│\u001b[0m │ ATR               │ \u001b[2m3B00\u001b[0m               │ \u001b[38;5;2m│\u001b[0m
\u001b[38;5;2m│\u001b[0m │ Connection Status │ \u001b[38;5;2m✓ Connected\u001b[0m        │ \u001b[38;5;2m│\u001b[0m
\u001b[38;5;2m│\u001b[0m │ Secure Channel    │ \u001b[38;5;11m✗ Not established\u001b[0m  │ \u001b[38;5;2m│\u001b[0m
\u001b[38;5;2m│\u001b[0m │ ISD Status        │ \u001b[38;5;9m✗ Error: ISD error\u001b[0m │ \u001b[38;5;2m│\u001b[0m
\u001b[38;5;2m│\u001b[0m └───────────────────┴────────────────────┘ \u001b[38;5;2m│\u001b[0m
\u001b[38;5;2m└────────────────────────────────────────────┘\u001b[0m

\u001b[38;5;11m\ud83d\udca1 Tip: More information is available with a secure channel.\u001b[0m
\u001b[2mTry: gp4net card info --keyset &lt;KEYSET_NAME&gt;\u001b[0m

\u001b[38;5;2m┌─\u001b[0m\u001b[1;38;5;2mCard Information\u001b[0m\u001b[38;5;2m───────────────────────────────────┐\u001b[0m
\u001b[38;5;2m│\u001b[0m ┌──────────────────────┬─────────────────────────┐ \u001b[38;5;2m│\u001b[0m
\u001b[38;5;2m│\u001b[0m │ Property             │ Value                   │ \u001b[38;5;2m│\u001b[0m
\u001b[38;5;2m│\u001b[0m ├──────────────────────┼─────────────────────────┤ \u001b[38;5;2m│\u001b[0m
\u001b[38;5;2m│\u001b[0m │ ATR                  │ \u001b[2m3B00\u001b[0m                    │ \u001b[38;5;2m│\u001b[0m
\u001b[38;5;2m│\u001b[0m │ Connection Status    │ \u001b[38;5;2m✓ Connected\u001b[0m             │ \u001b[38;5;2m│\u001b[0m
\u001b[38;5;2m│\u001b[0m │ Secure Channel       │ \u001b[38;5;11m✗ Not established\u001b[0m       │ \u001b[38;5;2m│\u001b[0m
\u001b[38;5;2m│\u001b[0m │ ISD Status           │ \u001b[38;5;2m✓ Available\u001b[0m             │ \u001b[38;5;2m│\u001b[0m
\u001b[38;5;2m│\u001b[0m │ Card Data            │ \u001b[2mNot supported\u001b[0m           │ \u001b[38;5;2m│\u001b[0m
\u001b[38;5;2m│\u001b[0m │ Card Capabilities    │ \u001b[2mNot supported\u001b[0m           │ \u001b[38;5;2m│\u001b[0m
\u001b[38;5;2m│\u001b[0m │ Key Info Template    │ \u001b[2mNot supported\u001b[0m           │ \u001b[38;5;2m│\u001b[0m
\u001b[38;5;2m│\u001b[0m │ Diversification Data │ \u001b[2mNot supported\u001b[0m           │ \u001b[38;5;2m│\u001b[0m
\u001b[38;5;2m│\u001b[0m │ Applications         │ \u001b[38;5;11mRequires secure channel\u001b[0m │ \u001b[38;5;2m│\u001b[0m
\u001b[38;5;2m│\u001b[0m └──────────────────────┴─────────────────────────┘ \u001b[38;5;2m│\u001b[0m
\u001b[38;5;2m└────────────────────────────────────────────────────┘\u001b[0m

\u001b[38;5;11m\ud83d\udca1 Tip: More information is available with a secure channel.\u001b[0m
\u001b[2mTry: gp4net card info --keyset &lt;KEYSET_NAME&gt;\u001b[0m

\u001b[38;5;2m┌─\u001b[0m\u001b[1;38;5;2mCard Information\u001b[0m\u001b[38;5;2m─────────────────────────────────────────────────────────────┐\u001b[0m
\u001b[38;5;2m│\u001b[0m ┌───────────────────┬──────────────────────────────────────────────────────┐ \u001b[38;5;2m│\u001b[0m
\u001b[38;5;2m│\u001b[0m │ Property          │ Value                                                │ \u001b[38;5;2m│\u001b[0m
\u001b[38;5;2m│\u001b[0m ├───────────────────┼──────────────────────────────────────────────────────┤ \u001b[38;5;2m│\u001b[0m
\u001b[38;5;2m│\u001b[0m │ ATR               │ \u001b[2m3B65000020560001\u001b[0m                                     │ \u001b[38;5;2m│\u001b[0m
\u001b[38;5;2m│\u001b[0m │ Connection Status │ \u001b[38;5;2m✓ Connected\u001b[0m                                          │ \u001b[38;5;2m│\u001b[0m
\u001b[38;5;2m│\u001b[0m │ Secure Channel    │ \u001b[38;5;11m✗ Not established\u001b[0m                                    │ \u001b[38;5;2m│\u001b[0m
\u001b[38;5;2m│\u001b[0m │ ISD Status        │ \u001b[38;5;2m✓ Available\u001b[0m                                          │ \u001b[38;5;2m│\u001b[0m
\u001b[38;5;2m│\u001b[0m │ ISD Status        │ \u001b[38;5;9m✗ Error: Object reference not set to an instance of \u001b[0m │ \u001b[38;5;2m│\u001b[0m
\u001b[38;5;2m│\u001b[0m │                   │ \u001b[38;5;9man object.\u001b[0m                                           │ \u001b[38;5;2m│\u001b[0m
\u001b[38;5;2m│\u001b[0m └───────────────────┴──────────────────────────────────────────────────────┘ \u001b[38;5;2m│\u001b[0m
\u001b[38;5;2m└──────────────────────────────────────────────────────────────────────────────┘\u001b[0m

\u001b[38;5;11m\ud83d\udca1 Tip: More information is available with a secure channel.\u001b[0m
\u001b[2mTry: gp4net card info --keyset &lt;KEYSET_NAME&gt;\u001b[0m

\u001b[38;5;2m┌─\u001b[0m\u001b[1;38;5;2mCard Information\u001b[0m\u001b[38;5;2m───────────────────────────────────┐\u001b[0m
\u001b[38;5;2m│\u001b[0m ┌──────────────────────┬─────────────────────────┐ \u001b[38;5;2m│\u001b[0m
\u001b[38;5;2m│\u001b[0m │ Property             │ Value                   │ \u001b[38;5;2m│\u001b[0m
\u001b[38;5;2m│\u001b[0m ├──────────────────────┼─────────────────────────┤ \u001b[38;5;2m│\u001b[0m
\u001b[38;5;2m│\u001b[0m │ ATR                  │ \u001b[2m3B00\u001b[0m                    │ \u001b[38;5;2m│\u001b[0m
\u001b[38;5;2m│\u001b[0m │ Connection Status    │ \u001b[38;5;2m✓ Connected\u001b[0m             │ \u001b[38;5;2m│\u001b[0m
\u001b[38;5;2m│\u001b[0m │ Secure Channel       │ \u001b[38;5;11m✗ Not established\u001b[0m       │ \u001b[38;5;2m│\u001b[0m
\u001b[38;5;2m│\u001b[0m │ ISD Status           │ \u001b[38;5;2m✓ Available\u001b[0m             │ \u001b[38;5;2m│\u001b[0m
\u001b[38;5;2m│\u001b[0m │ IC Fabricator        │ 1234                    │ \u001b[38;5;2m│\u001b[0m
\u001b[38;5;2m│\u001b[0m │ IC Type              │ 5678                    │ \u001b[38;5;2m│\u001b[0m
\u001b[38;5;2m│\u001b[0m │ Operating System ID  │ 9ABC                    │ \u001b[38;5;2m│\u001b[0m
\u001b[38;5;2m│\u001b[0m │ IC Fabrication Date  │ 9ABC (2108-06-15)       │ \u001b[38;5;2m│\u001b[0m
\u001b[38;5;2m│\u001b[0m │ IC Serial Number     │ 12345678                │ \u001b[38;5;2m│\u001b[0m
\u001b[38;5;2m│\u001b[0m │ IC Batch Identifier  │ 9ABC                    │ \u001b[38;5;2m│\u001b[0m
\u001b[38;5;2m│\u001b[0m │ Card Data            │ \u001b[2mNot supported\u001b[0m           │ \u001b[38;5;2m│\u001b[0m
\u001b[38;5;2m│\u001b[0m │ Card Capabilities    │ \u001b[2mNot supported\u001b[0m           │ \u001b[38;5;2m│\u001b[0m
\u001b[38;5;2m│\u001b[0m │ Key Info Template    │ \u001b[2mNot supported\u001b[0m           │ \u001b[38;5;2m│\u001b[0m
\u001b[38;5;2m│\u001b[0m │ Diversification Data │ \u001b[2mNot supported\u001b[0m           │ \u001b[38;5;2m│\u001b[0m
\u001b[38;5;2m│\u001b[0m │ Applications         │ \u001b[38;5;11mRequires secure channel\u001b[0m │ \u001b[38;5;2m│\u001b[0m
\u001b[38;5;2m│\u001b[0m └──────────────────────┴─────────────────────────┘ \u001b[38;5;2m│\u001b[0m
\u001b[38;5;2m└────────────────────────────────────────────────────┘\u001b[0m

\u001b[38;5;11m\ud83d\udca1 Tip: More information is available with a secure channel.\u001b[0m
\u001b[2mTry: gp4net card info --keyset &lt;KEYSET_NAME&gt;\u001b[0m

\u001b[38;5;2m┌─\u001b[0m\u001b[1;38;5;2mCard Information\u001b[0m\u001b[38;5;2m─────────────────────────────────────────────────────────────┐\u001b[0m
\u001b[38;5;2m│\u001b[0m ┌───────────────────┬──────────────────────────────────────────────────────┐ \u001b[38;5;2m│\u001b[0m
\u001b[38;5;2m│\u001b[0m │ Property          │ Value                                                │ \u001b[38;5;2m│\u001b[0m
\u001b[38;5;2m│\u001b[0m ├───────────────────┼──────────────────────────────────────────────────────┤ \u001b[38;5;2m│\u001b[0m
\u001b[38;5;2m│\u001b[0m │ ATR               │ \u001b[2m3B00\u001b[0m                                                 │ \u001b[38;5;2m│\u001b[0m
\u001b[38;5;2m│\u001b[0m │ Connection Status │ \u001b[38;5;2m✓ Connected\u001b[0m                                          │ \u001b[38;5;2m│\u001b[0m
\u001b[38;5;2m│\u001b[0m │ Secure Channel    │ \u001b[38;5;11m✗ Not established\u001b[0m                                    │ \u001b[38;5;2m│\u001b[0m
\u001b[38;5;2m│\u001b[0m │ ISD Status        │ \u001b[38;5;2m✓ Available\u001b[0m                                          │ \u001b[38;5;2m│\u001b[0m
\u001b[38;5;2m│\u001b[0m │ ISD Status        │ \u001b[38;5;9m✗ Error: Object reference not set to an instance of \u001b[0m │ \u001b[38;5;2m│\u001b[0m
\u001b[38;5;2m│\u001b[0m │                   │ \u001b[38;5;9man object.\u001b[0m                                           │ \u001b[38;5;2m│\u001b[0m
\u001b[38;5;2m│\u001b[0m └───────────────────┴──────────────────────────────────────────────────────┘ \u001b[38;5;2m│\u001b[0m
\u001b[38;5;2m└──────────────────────────────────────────────────────────────────────────────┘\u001b[0m

\u001b[38;5;11m\ud83d\udca1 Tip: More information is available with a secure channel.\u001b[0m
\u001b[2mTry: gp4net card info --keyset &lt;KEYSET_NAME&gt;\u001b[0m

┌───────┬─────────────┐
│ Index │ Reader Name │
├───────┼─────────────┤
│ 0     │ Reader 1    │
│ 1     │ Reader 2    │
└───────┴─────────────┘

\u001b[38;5;2mAuto-detected reader:\u001b[0m Test Reader 1

\u001b[38;5;2mAuto-detected reader:\u001b[0m Test Reader

\u001b[38;5;9mNo reader found matching 'NonExistent'.\u001b[0m
\u001b[38;5;11mAvailable readers:\u001b[0m
  • Reader 1
  • Reader 2

\u001b[38;5;11mUsing reader with partial match:\u001b[0m Identiv SCR3500 Contact Reader

\u001b[38;5;11mUsing reader with partial match:\u001b[0m Identiv SCR3500 Contact Reader

NUnit Adapter 4.6.0.0: Test execution complete
</StdOut>
    </Output>
  </ResultSummary>
</TestRun>